#
# A fatal error has been detected by the Java Runtime Environment:
#
#  EXCEPTION_ACCESS_VIOLATION (0xc0000005) at pc=0x00000256f6d0af0a, pid=5932, tid=4348
#
# JRE version: OpenJDK Runtime Environment (11.0.8+10) (build 11.0.8+10-b944.6842174)
# Java VM: OpenJDK 64-Bit Server VM (11.0.8+10-b944.6842174, mixed mode, tiered, compressed oops, g1 gc, windows-amd64)
# Problematic frame:
# J 20864 c2 com.android.tools.r8.v.b.t0.f2()I (44 bytes) @ 0x00000256f6d0af0a [0x00000256f6d0ae40+0x00000000000000ca]
#
# No core dump will be written. Minidumps are not enabled by default on client versions of Windows
#
# If you would like to submit a bug report, please visit:
#   https://bugreport.java.com/bugreport/crash.jsp
#

---------------  S U M M A R Y ------------

Command Line: --add-opens=java.base/java.util=ALL-UNNAMED --add-opens=java.base/java.lang=ALL-UNNAMED --add-opens=java.base/java.lang.invoke=ALL-UNNAMED --add-opens=java.prefs/java.util.prefs=ALL-UNNAMED -Xmx2048m -Dfile.encoding=UTF-8 -Duser.country=US -Duser.language=en -Duser.variant org.gradle.launcher.daemon.bootstrap.GradleDaemon 6.7.1

Host: Intel(R) Core(TM) i5-5300U CPU @ 2.30GHz, 4 cores, 7G,  Windows 10 , 64 bit Build 19041 (10.0.19041.1202)
Time: Wed Nov 10 09:03:40 2021 SE Asia Standard Time elapsed time: 283 seconds (0d 0h 4m 43s)

---------------  T H R E A D  ---------------

Current thread (0x000002568a2e2800):  JavaThread "Build operations" [_thread_in_Java, id=4348, stack(0x000000be43000000,0x000000be43100000)]

Stack: [0x000000be43000000,0x000000be43100000],  sp=0x000000be430f9970,  free space=998k
Native frames: (J=compiled Java code, j=interpreted, Vv=VM code, C=native code)
C  0x00000256f6d0af0a


siginfo: EXCEPTION_ACCESS_VIOLATION (0xc0000005), reading address 0x0000000000000060


Register to memory mapping:

RIP=0x00000256f6d0af0a is at entry_point+202 in (nmethod*)0x00000256f6d0ac90
RAX=0x0000000000000001 is an unknown value
RBX=0x0000000000000003 is an unknown value
RCX=0x0000000000000002 is an unknown value
RDX=0x000000008838f148 is an oop: com.android.tools.r8.v.a.t.j 
{0x000000008838f148} - klass: 'com/android/tools/r8/v/a/t/j'
RSP=0x000000be430f9970 is pointing into the stack for thread: 0x000002568a2e2800
RBP=0x000000008cddc4e8 is pointing into object: java.util.ArrayList$Itr 
{0x000000008cddc4d0} - klass: 'java/util/ArrayList$Itr'
RSI=0x000000008cddd900 is an oop: [Ljava.lang.Object; 
{0x000000008cddd900} - klass: 'java/lang/Object'[]
 - length: 10
RDI=0x0000000000000005 is an unknown value
R8 =0x0000000000000028 is an unknown value
R9 =0x0000000000000002 is an unknown value
R10=0x0000000000000003 is an unknown value
R11=0x000000008cddd8c8 is an oop: java.util.ArrayList 
{0x000000008cddd8c8} - klass: 'java/util/ArrayList'
R12=0x0 is NULL
R13=0x000000008cddd9a0 is an oop: java.util.LinkedList$Node 
{0x000000008cddd9a0} - klass: 'java/util/LinkedList$Node'
R14=0x000000008cc70dc8 is an oop: java.util.TreeMap$Entry 
{0x000000008cc70dc8} - klass: 'java/util/TreeMap$Entry'
R15=0x000002568a2e2800 is a thread


Registers:
RAX=0x0000000000000001, RBX=0x0000000000000003, RCX=0x0000000000000002, RDX=0x000000008838f148
RSP=0x000000be430f9970, RBP=0x000000008cddc4e8, RSI=0x000000008cddd900, RDI=0x0000000000000005
R8 =0x0000000000000028, R9 =0x0000000000000002, R10=0x0000000000000003, R11=0x000000008cddd8c8
R12=0x0000000000000000, R13=0x000000008cddd9a0, R14=0x000000008cc70dc8, R15=0x000002568a2e2800
RIP=0x00000256f6d0af0a, EFLAGS=0x0000000000010293

Top of Stack: (sp=0x000000be430f9970)
0x000000be430f9970:   000000008cddd8c8 0000000300000001
0x000000be430f9980:   0000000200000001 000000008cdddd30
0x000000be430f9990:   000000008cc70db0 0000000081c55a80
0x000000be430f99a0:   0000000000000040 000000008cc70538
0x000000be430f99b0:   000000be430fb448 00000256f107ee64
0x000000be430f99c0:   000000008089ad28 00000001000b5fb8
0x000000be430f99d0:   000000be430fb448 00000256f6bd5d64
0x000000be430f99e0:   000000008cddd8a0 000000008cc70930
0x000000be430f99f0:   000000be430fb448 00000256f12d6e14
0x000000be430f9a00:   000000008cc70930 000000008cc5f760
0x000000be430f9a10:   000000be430fb448 00000256f16a6684
0x000000be430f9a20:   000000008cc5f760 0000000000000006
0x000000be430f9a30:   000000008cc236a0 00000256ee7f50d2
0x000000be430f9a40:   000000008cc237d0 0000000100013f08
0x000000be430f9a50:   0000003f00000040 000000008cc402e0
0x000000be430f9a60:   000000008cc33e10 00007ffd40be88d7 

Instructions: (pc=0x00000256f6d0af0a)
0x00000256f6d0ae0a:   01 f0 28 cc 9b c0 0a f0 3d 24 2f b0 21 64 0c 64
0x00000256f6d0ae1a:   24 64 24 64 2c 64 0c 64 0d 64 0b 64 20 64 0c 64
0x00000256f6d0ae2a:   15 00 00 64 0f 64 00 00 00 00 00 00 00 00 00 00
0x00000256f6d0ae3a:   00 00 00 00 00 00 44 8b 52 08 49 c1 e2 03 49 3b
0x00000256f6d0ae4a:   c2 0f 85 2f a9 ad f7 66 66 90 0f 1f 84 00 00 00
0x00000256f6d0ae5a:   00 00 66 66 66 90 89 84 24 00 90 ff ff 55 48 83
0x00000256f6d0ae6a:   ec 40 8b 6a 14 44 8b 5d 08 41 81 fb a5 60 00 20
0x00000256f6d0ae7a:   0f 85 a0 01 00 00 4c 8b dd 45 8b 53 10 45 85 d2
0x00000256f6d0ae8a:   75 07 33 c0 e9 db 00 00 00 41 8b 5b 0c 8b f3 45
0x00000256f6d0ae9a:   33 c9 bf ff ff ff ff 33 c9 eb 1a 66 66 66 0f 1f
0x00000256f6d0aeaa:   84 00 00 00 00 00 41 8b 73 0c 45 8b ca 8b 5c 24
0x00000256f6d0aeba:   0c 8b 7c 24 08 3b f3 0f 85 e5 00 00 00 41 8b 6b
0x00000256f6d0aeca:   10 44 3b cd 0f 8d fc 00 00 00 41 8b 73 14 44 8b
0x00000256f6d0aeda:   46 0c 45 3b c8 0f 8d 0f 01 00 00 45 8b d1 41 ff
0x00000256f6d0aeea:   c2 45 3b c8 0f 83 8a 00 00 00 42 8b 6c 8e 10 8b
0x00000256f6d0aefa:   7d 08 49 b8 00 00 00 00 00 00 00 00 4d 8d 04 f8
0x00000256f6d0af0a:   4d 8b 40 38 48 bf 68 22 f7 00 01 00 00 00 4c 3b
0x00000256f6d0af1a:   c7 0f 85 7f 00 00 00 44 89 54 24 14 89 4c 24 10
0x00000256f6d0af2a:   89 5c 24 0c 44 89 4c 24 08 4c 89 1c 24 4c 8b d5
0x00000256f6d0af3a:   45 8b 5a 40 49 8b d3 48 b8 ff ff ff ff ff ff ff
0x00000256f6d0af4a:   ff e8 90 62 ba f7 4c 8b 1c 24 45 8b 43 10 8b 4c
0x00000256f6d0af5a:   24 10 03 c8 44 8b 54 24 14 45 3b d0 0f 85 44 ff
0x00000256f6d0af6a:   ff ff 8b c1 48 83 c4 40 5d 4d 8b 97 08 01 00 00
0x00000256f6d0af7a:   41 85 02 c3 ba e4 ff ff ff 8b e9 89 34 24 44 89
0x00000256f6d0af8a:   54 24 08 44 89 4c 24 0c 89 5c 24 10 4c 89 5c 24
0x00000256f6d0af9a:   18 e8 60 c4 ad f7 ba de ff ff ff 66 90 e8 54 c4
0x00000256f6d0afaa:   ad f7 ba 4d ff ff ff 8b e9 89 34 24 44 89 4c 24
0x00000256f6d0afba:   08 89 7c 24 0c 89 5c 24 10 4c 89 5c 24 18 66 66
0x00000256f6d0afca:   90 e8 30 c4 ad f7 ba 4d ff ff ff 89 0c 24 44 89
0x00000256f6d0afda:   4c 24 08 44 89 4c 24 0c 89 7c 24 10 89 5c 24 14
0x00000256f6d0afea:   4c 89 5c 24 18 e8 0c c4 ad f7 ba 4d ff ff ff 8b
0x00000256f6d0affa:   e9 89 74 24 04 44 89 4c 24 08 44 89 44 24 0c 44 


Stack slot to memory mapping:
stack at sp + 0 slots: 0x000000008cddd8c8 is an oop: java.util.ArrayList 
{0x000000008cddd8c8} - klass: 'java/util/ArrayList'
stack at sp + 1 slots: 0x0000000300000001 is an unknown value
stack at sp + 2 slots: 0x0000000200000001 is an unknown value
stack at sp + 3 slots: 0x000000008cdddd30 is an oop: com.android.tools.r8.v.b.C0 
{0x000000008cdddd30} - klass: 'com/android/tools/r8/v/b/C0'
stack at sp + 4 slots: 0x000000008cc70db0 is an oop: com.android.tools.r8.ir.regalloc.c 
{0x000000008cc70db0} - klass: 'com/android/tools/r8/ir/regalloc/c'
stack at sp + 5 slots: 0x0000000081c55a80 is an oop: java.lang.Object 
{0x0000000081c55a80} - klass: 'java/lang/Object'
stack at sp + 6 slots: 0x0000000000000040 is an unknown value
stack at sp + 7 slots: 0x000000008cc70538 is an oop: [Ljava.lang.Object; 
{0x000000008cc70538} - klass: 'java/lang/Object'[]
 - length: 64



---------------  P R O C E S S  ---------------

Threads class SMR info:
_java_thread_list=0x0000025695c7f940, length=45, elements={
0x00000256eae1a800, 0x00000256ff02e000, 0x00000256ff02f800, 0x00000256ff9d2800,
0x00000256ff9d3800, 0x00000256ff04a000, 0x00000256ff057000, 0x00000256ff05c000,
0x00000256ffb0c000, 0x00000256ffb15000, 0x00000256866b9800, 0x0000025686039000,
0x00000256866d9800, 0x00000256866bd800, 0x00000256866bd000, 0x00000256866bb000,
0x000002568a23a800, 0x000002568a23b000, 0x000002568a2e8000, 0x000002568a2dc800,
0x000002568a2df000, 0x000002568a2dd800, 0x000002568a2e1800, 0x000002568a2e0000,
0x000002568a2de800, 0x000002568a2dc000, 0x000002568a2e5000, 0x000002568a2e5800,
0x000002568a2e3000, 0x000002568a2e4000, 0x000002568a2e2800, 0x000002568a2e9000,
0x000002568a2e6800, 0x000002568a2e7800, 0x0000025687468800, 0x000002568746e800,
0x000002568746b000, 0x000002568746f000, 0x0000025687470000, 0x000002568746a000,
0x0000025687475000, 0x0000025687469800, 0x0000025687474000, 0x0000025687473000,
0x0000025694e5f000
}

Java Threads: ( => current thread )
  0x00000256eae1a800 JavaThread "main" [_thread_blocked, id=12088, stack(0x000000be40b00000,0x000000be40c00000)]
  0x00000256ff02e000 JavaThread "Reference Handler" daemon [_thread_blocked, id=12892, stack(0x000000be41200000,0x000000be41300000)]
  0x00000256ff02f800 JavaThread "Finalizer" daemon [_thread_blocked, id=8532, stack(0x000000be41300000,0x000000be41400000)]
  0x00000256ff9d2800 JavaThread "Signal Dispatcher" daemon [_thread_blocked, id=12676, stack(0x000000be41400000,0x000000be41500000)]
  0x00000256ff9d3800 JavaThread "Attach Listener" daemon [_thread_blocked, id=11912, stack(0x000000be41500000,0x000000be41600000)]
  0x00000256ff04a000 JavaThread "C2 CompilerThread0" daemon [_thread_in_native, id=11468, stack(0x000000be41600000,0x000000be41700000)]
  0x00000256ff057000 JavaThread "C1 CompilerThread0" daemon [_thread_blocked, id=10568, stack(0x000000be41700000,0x000000be41800000)]
  0x00000256ff05c000 JavaThread "Sweeper thread" daemon [_thread_blocked, id=11028, stack(0x000000be41800000,0x000000be41900000)]
  0x00000256ffb0c000 JavaThread "Common-Cleaner" daemon [_thread_blocked, id=7788, stack(0x000000be41900000,0x000000be41a00000)]
  0x00000256ffb15000 JavaThread "Service Thread" daemon [_thread_blocked, id=8576, stack(0x000000be41a00000,0x000000be41b00000)]
  0x00000256866b9800 JavaThread "Daemon health stats" [_thread_blocked, id=6660, stack(0x000000be41f00000,0x000000be42000000)]
  0x0000025686039000 JavaThread "Incoming local TCP Connector on port 62990" [_thread_in_native, id=6880, stack(0x000000be42100000,0x000000be42200000)]
  0x00000256866d9800 JavaThread "Daemon periodic checks" [_thread_blocked, id=8784, stack(0x000000be42200000,0x000000be42300000)]
  0x00000256866bd800 JavaThread "Cache worker for file hash cache (C:\Users\Admin\.gradle\caches\6.7.1\fileHashes)" [_thread_blocked, id=10032, stack(0x000000be42b00000,0x000000be42c00000)]
  0x00000256866bd000 JavaThread "File lock request listener" [_thread_in_native, id=12452, stack(0x000000be42c00000,0x000000be42d00000)]
  0x00000256866bb000 JavaThread "Cache worker for journal cache (C:\Users\Admin\.gradle\caches\journal-1)" [_thread_blocked, id=8500, stack(0x000000be42d00000,0x000000be42e00000)]
  0x000002568a23a800 JavaThread "Cache worker for execution history cache (C:\Users\Admin\.gradle\caches\6.7.1\executionHistory)" [_thread_blocked, id=12912, stack(0x000000be44700000,0x000000be44800000)]
  0x000002568a23b000 JavaThread "Cache worker for file content cache (C:\Users\Admin\.gradle\caches\6.7.1\fileContent)" [_thread_blocked, id=12256, stack(0x000000be44800000,0x000000be44900000)]
  0x000002568a2e8000 JavaThread "Memory manager" [_thread_blocked, id=12388, stack(0x000000be49a00000,0x000000be49b00000)]
  0x000002568a2dc800 JavaThread "Daemon Thread 2" [_thread_blocked, id=6132, stack(0x000000be40800000,0x000000be40900000)]
  0x000002568a2df000 JavaThread "Handler for socket connection from /127.0.0.1:62990 to /127.0.0.1:51235" [_thread_in_native, id=7296, stack(0x000000be40900000,0x000000be40a00000)]
  0x000002568a2dd800 JavaThread "Cancel handler" [_thread_blocked, id=7804, stack(0x000000be41c00000,0x000000be41d00000)]
  0x000002568a2e1800 JavaThread "Daemon worker Thread 2" [_thread_blocked, id=12320, stack(0x000000be42000000,0x000000be42100000)]
  0x000002568a2e0000 JavaThread "Asynchronous log dispatcher for DefaultDaemonConnection: socket connection from /127.0.0.1:62990 to /127.0.0.1:51235" [_thread_blocked, id=6592, stack(0x000000be42300000,0x000000be42400000)]
  0x000002568a2de800 JavaThread "Thread-147" [_thread_blocked, id=9504, stack(0x000000be42500000,0x000000be42600000)]
  0x000002568a2dc000 JavaThread "Cache worker for file hash cache (C:\Users\Admin\OneDrive\Documents\GitHub\LGFood_duan1\.gradle\6.7.1\fileHashes)" [_thread_blocked, id=9196, stack(0x000000be42700000,0x000000be42800000)]
  0x000002568a2e5000 JavaThread "Cache worker for checksums cache (C:\Users\Admin\OneDrive\Documents\GitHub\LGFood_duan1\.gradle\checksums)" [_thread_blocked, id=4040, stack(0x000000be42800000,0x000000be42900000)]
  0x000002568a2e5800 JavaThread "Cache worker for cache directory md-supplier (C:\Users\Admin\.gradle\caches\6.7.1\md-supplier)" [_thread_blocked, id=1184, stack(0x000000be42900000,0x000000be42a00000)]
  0x000002568a2e3000 JavaThread "Cache worker for cache directory md-rule (C:\Users\Admin\.gradle\caches\6.7.1\md-rule)" [_thread_blocked, id=4680, stack(0x000000be42e00000,0x000000be42f00000)]
  0x000002568a2e4000 JavaThread "Cache worker for Build Output Cleanup Cache (C:\Users\Admin\OneDrive\Documents\GitHub\LGFood_duan1\.gradle\buildOutputCleanup)" [_thread_blocked, id=1904, stack(0x000000be42f00000,0x000000be43000000)]
=>0x000002568a2e2800 JavaThread "Build operations" [_thread_in_Java, id=4348, stack(0x000000be43000000,0x000000be43100000)]
  0x000002568a2e9000 JavaThread "Build operations Thread 2" [_thread_in_vm, id=9208, stack(0x000000be43100000,0x000000be43200000)]
  0x000002568a2e6800 JavaThread "Build operations Thread 3" [_thread_in_vm, id=5096, stack(0x000000be43200000,0x000000be43300000)]
  0x000002568a2e7800 JavaThread "Build operations Thread 4" [_thread_blocked, id=12960, stack(0x000000be43300000,0x000000be43400000)]
  0x0000025687468800 JavaThread "build event listener" [_thread_blocked, id=4468, stack(0x000000be49700000,0x000000be49800000)]
  0x000002568746e800 JavaThread "build event listener" [_thread_blocked, id=1440, stack(0x000000be49800000,0x000000be49900000)]
  0x000002568746b000 JavaThread "Execution worker for ':'" [_thread_blocked, id=668, stack(0x000000be49900000,0x000000be49a00000)]
  0x000002568746f000 JavaThread "Execution worker for ':' Thread 2" [_thread_blocked, id=8380, stack(0x000000be49b00000,0x000000be49c00000)]
  0x0000025687470000 JavaThread "Execution worker for ':' Thread 3" [_thread_blocked, id=9388, stack(0x000000be49c00000,0x000000be49d00000)]
  0x000002568746a000 JavaThread "Cache worker for execution history cache (C:\Users\Admin\OneDrive\Documents\GitHub\LGFood_duan1\.gradle\6.7.1\executionHistory)" [_thread_blocked, id=8024, stack(0x000000be49d00000,0x000000be49e00000)]
  0x0000025687475000 JavaThread "WorkerExecutor Queue" [_thread_blocked, id=3412, stack(0x000000be49e00000,0x000000be49f00000)]
  0x0000025687469800 JavaThread "WorkerExecutor Queue Thread 2" [_thread_blocked, id=10904, stack(0x000000be42600000,0x000000be42700000)]
  0x0000025687474000 JavaThread "WorkerExecutor Queue Thread 3" [_thread_blocked, id=6700, stack(0x000000be49f00000,0x000000be4a000000)]
  0x0000025687473000 JavaThread "WorkerExecutor Queue Thread 4" [_thread_blocked, id=7164, stack(0x000000be4a000000,0x000000be4a100000)]
  0x0000025694e5f000 JavaThread "C2 CompilerThread1" daemon [_thread_blocked, id=3188, stack(0x000000be4a100000,0x000000be4a200000)]

Other Threads:
  0x00000256ff028000 VMThread "VM Thread" [stack: 0x000000be41100000,0x000000be41200000] [id=3676] _threads_hazard_ptr=0x0000025695c7f940
  0x00000256ffb15800 WatcherThread [stack: 0x000000be41b00000,0x000000be41c00000] [id=9292]
  0x00000256eae33000 GCTaskThread "GC Thread#0" [stack: 0x000000be40c00000,0x000000be40d00000] [id=4232]
  0x0000025686324000 GCTaskThread "GC Thread#1" [stack: 0x000000be41d00000,0x000000be41e00000] [id=10716]
  0x00000256861b7800 GCTaskThread "GC Thread#2" [stack: 0x000000be41e00000,0x000000be41f00000] [id=11136]
  0x0000025686ad7000 GCTaskThread "GC Thread#3" [stack: 0x000000be42a00000,0x000000be42b00000] [id=12572]
  0x00000256eae64800 ConcurrentGCThread "G1 Main Marker" [stack: 0x000000be40d00000,0x000000be40e00000] [id=12456]
  0x00000256eae65800 ConcurrentGCThread "G1 Conc#0" [stack: 0x000000be40e00000,0x000000be40f00000] [id=10780]
  0x00000256eaef9800 ConcurrentGCThread "G1 Refine#0" [stack: 0x000000be40f00000,0x000000be41000000] [id=6216]
  0x00000256eaefa800 ConcurrentGCThread "G1 Young RemSet Sampling" [stack: 0x000000be41000000,0x000000be41100000] [id=4292]

Threads with active compile tasks:
C2 CompilerThread0 284243 21753 %     4       com.android.tools.r8.ir.regalloc.a::a @ 531 (950 bytes)
C2 CompilerThread1 284243 21784       4       com.android.tools.r8.ir.regalloc.a::a (4001 bytes)

VM state:synchronizing (normal execution)

VM Mutex/Monitor currently owned by a thread:  ([mutex/lock_event])
[0x00000256eae17ed0] Safepoint_lock - owner thread: 0x00000256ff028000
[0x00000256eae16b20] Threads_lock - owner thread: 0x00000256ff028000
[0x00000256eae17270] Heap_lock - owner thread: 0x000002568a2e7800

Heap address: 0x0000000080000000, size: 2048 MB, Compressed Oops mode: 32-bit
Narrow klass base: 0x0000000000000000, Narrow klass shift: 3
Compressed class space size: 1073741824 Address: 0x0000000100000000

Heap:
 garbage-first heap   total 280576K, used 236678K [0x0000000080000000, 0x0000000100000000)
  region size 1024K, 93 young (95232K), 4 survivors (4096K)
 Metaspace       used 127508K, capacity 130936K, committed 131144K, reserved 1163264K
  class space    used 15556K, capacity 16741K, committed 16844K, reserved 1048576K
Heap Regions: E=young(eden), S=young(survivor), O=old, HS=humongous(starts), HC=humongous(continues), CS=collection set, F=free, A=archive, TAMS=top-at-mark-start (previous, next)
|   0|0x0000000080000000, 0x0000000080100000, 0x0000000080100000|100%| O|  |TAMS 0x0000000080100000, 0x0000000080000000| Untracked 
|   1|0x0000000080100000, 0x0000000080200000, 0x0000000080200000|100%| O|  |TAMS 0x0000000080200000, 0x0000000080100000| Untracked 
|   2|0x0000000080200000, 0x0000000080300000, 0x0000000080300000|100%| O|  |TAMS 0x0000000080300000, 0x0000000080200000| Untracked 
|   3|0x0000000080300000, 0x0000000080400000, 0x0000000080400000|100%|HS|  |TAMS 0x0000000080400000, 0x0000000080300000| Complete 
|   4|0x0000000080400000, 0x0000000080500000, 0x0000000080500000|100%|HC|  |TAMS 0x0000000080500000, 0x0000000080400000| Complete 
|   5|0x0000000080500000, 0x0000000080600000, 0x0000000080600000|100%|HC|  |TAMS 0x0000000080600000, 0x0000000080500000| Complete 
|   6|0x0000000080600000, 0x0000000080700000, 0x0000000080700000|100%| O|  |TAMS 0x0000000080700000, 0x0000000080600000| Untracked 
|   7|0x0000000080700000, 0x0000000080800000, 0x0000000080800000|100%| O|  |TAMS 0x0000000080800000, 0x0000000080700000| Untracked 
|   8|0x0000000080800000, 0x0000000080900000, 0x0000000080900000|100%| O|  |TAMS 0x0000000080900000, 0x0000000080800000| Untracked 
|   9|0x0000000080900000, 0x0000000080a00000, 0x0000000080a00000|100%| O|  |TAMS 0x0000000080a00000, 0x0000000080900000| Untracked 
|  10|0x0000000080a00000, 0x0000000080b00000, 0x0000000080b00000|100%| O|  |TAMS 0x0000000080b00000, 0x0000000080a00000| Untracked 
|  11|0x0000000080b00000, 0x0000000080c00000, 0x0000000080c00000|100%| O|  |TAMS 0x0000000080c00000, 0x0000000080b00000| Untracked 
|  12|0x0000000080c00000, 0x0000000080d00000, 0x0000000080d00000|100%| O|  |TAMS 0x0000000080d00000, 0x0000000080c00000| Untracked 
|  13|0x0000000080d00000, 0x0000000080e00000, 0x0000000080e00000|100%| O|  |TAMS 0x0000000080e00000, 0x0000000080d00000| Untracked 
|  14|0x0000000080e00000, 0x0000000080f00000, 0x0000000080f00000|100%| O|  |TAMS 0x0000000080f00000, 0x0000000080e00000| Untracked 
|  15|0x0000000080f00000, 0x0000000081000000, 0x0000000081000000|100%|HS|  |TAMS 0x0000000081000000, 0x0000000080f00000| Complete 
|  16|0x0000000081000000, 0x0000000081100000, 0x0000000081100000|100%|HC|  |TAMS 0x0000000081100000, 0x0000000081000000| Complete 
|  17|0x0000000081100000, 0x0000000081200000, 0x0000000081200000|100%|HS|  |TAMS 0x0000000081200000, 0x0000000081100000| Complete 
|  18|0x0000000081200000, 0x0000000081300000, 0x0000000081300000|100%|HC|  |TAMS 0x0000000081300000, 0x0000000081200000| Complete 
|  19|0x0000000081300000, 0x0000000081400000, 0x0000000081400000|100%|HC|  |TAMS 0x0000000081400000, 0x0000000081300000| Complete 
|  20|0x0000000081400000, 0x0000000081500000, 0x0000000081500000|100%|HS|  |TAMS 0x0000000081500000, 0x0000000081400000| Complete 
|  21|0x0000000081500000, 0x0000000081600000, 0x0000000081600000|100%|HC|  |TAMS 0x0000000081600000, 0x0000000081500000| Complete 
|  22|0x0000000081600000, 0x0000000081700000, 0x0000000081700000|100%|HC|  |TAMS 0x0000000081700000, 0x0000000081600000| Complete 
|  23|0x0000000081700000, 0x0000000081800000, 0x0000000081800000|100%|HC|  |TAMS 0x0000000081800000, 0x0000000081700000| Complete 
|  24|0x0000000081800000, 0x0000000081900000, 0x0000000081900000|100%| O|  |TAMS 0x0000000081900000, 0x0000000081800000| Untracked 
|  25|0x0000000081900000, 0x0000000081a00000, 0x0000000081a00000|100%| O|  |TAMS 0x0000000081a00000, 0x0000000081900000| Untracked 
|  26|0x0000000081a00000, 0x0000000081b00000, 0x0000000081b00000|100%| O|  |TAMS 0x0000000081b00000, 0x0000000081a00000| Untracked 
|  27|0x0000000081b00000, 0x0000000081c00000, 0x0000000081c00000|100%| O|  |TAMS 0x0000000081c00000, 0x0000000081b00000| Untracked 
|  28|0x0000000081c00000, 0x0000000081d00000, 0x0000000081d00000|100%| O|  |TAMS 0x0000000081d00000, 0x0000000081c00000| Untracked 
|  29|0x0000000081d00000, 0x0000000081e00000, 0x0000000081e00000|100%| O|  |TAMS 0x0000000081e00000, 0x0000000081d00000| Untracked 
|  30|0x0000000081e00000, 0x0000000081f00000, 0x0000000081f00000|100%| O|  |TAMS 0x0000000081f00000, 0x0000000081e00000| Untracked 
|  31|0x0000000081f00000, 0x0000000082000000, 0x0000000082000000|100%| O|  |TAMS 0x0000000082000000, 0x0000000081f00000| Untracked 
|  32|0x0000000082000000, 0x0000000082100000, 0x0000000082100000|100%| O|  |TAMS 0x0000000082100000, 0x0000000082000000| Untracked 
|  33|0x0000000082100000, 0x0000000082200000, 0x0000000082200000|100%|HS|  |TAMS 0x0000000082200000, 0x0000000082100000| Complete 
|  34|0x0000000082200000, 0x0000000082300000, 0x0000000082300000|100%|HC|  |TAMS 0x0000000082300000, 0x0000000082200000| Complete 
|  35|0x0000000082300000, 0x0000000082400000, 0x0000000082400000|100%|HC|  |TAMS 0x0000000082400000, 0x0000000082300000| Complete 
|  36|0x0000000082400000, 0x0000000082500000, 0x0000000082500000|100%|HC|  |TAMS 0x0000000082500000, 0x0000000082400000| Complete 
|  37|0x0000000082500000, 0x0000000082600000, 0x0000000082600000|100%|HS|  |TAMS 0x0000000082600000, 0x0000000082500000| Complete 
|  38|0x0000000082600000, 0x0000000082700000, 0x0000000082700000|100%|HC|  |TAMS 0x0000000082700000, 0x0000000082600000| Complete 
|  39|0x0000000082700000, 0x0000000082800000, 0x0000000082800000|100%|HC|  |TAMS 0x0000000082800000, 0x0000000082700000| Complete 
|  40|0x0000000082800000, 0x0000000082900000, 0x0000000082900000|100%| O|  |TAMS 0x0000000082900000, 0x0000000082800000| Untracked 
|  41|0x0000000082900000, 0x0000000082a00000, 0x0000000082a00000|100%| O|  |TAMS 0x0000000082a00000, 0x0000000082900000| Untracked 
|  42|0x0000000082a00000, 0x0000000082b00000, 0x0000000082b00000|100%| O|  |TAMS 0x0000000082b00000, 0x0000000082a00000| Untracked 
|  43|0x0000000082b00000, 0x0000000082c00000, 0x0000000082c00000|100%| O|  |TAMS 0x0000000082c00000, 0x0000000082b00000| Untracked 
|  44|0x0000000082c00000, 0x0000000082d00000, 0x0000000082d00000|100%| O|  |TAMS 0x0000000082d00000, 0x0000000082c00000| Untracked 
|  45|0x0000000082d00000, 0x0000000082e00000, 0x0000000082e00000|100%| O|  |TAMS 0x0000000082e00000, 0x0000000082d00000| Untracked 
|  46|0x0000000082e00000, 0x0000000082f00000, 0x0000000082f00000|100%| O|  |TAMS 0x0000000082f00000, 0x0000000082e00000| Untracked 
|  47|0x0000000082f00000, 0x0000000083000000, 0x0000000083000000|100%|HS|  |TAMS 0x0000000083000000, 0x0000000082f00000| Complete 
|  48|0x0000000083000000, 0x0000000083100000, 0x0000000083100000|100%| O|  |TAMS 0x0000000083100000, 0x0000000083000000| Untracked 
|  49|0x0000000083100000, 0x00000000831dc400, 0x0000000083200000| 86%| O|  |TAMS 0x00000000831dc400, 0x0000000083100000| Untracked 
|  50|0x0000000083200000, 0x0000000083300000, 0x0000000083300000|100%|HS|  |TAMS 0x0000000083300000, 0x0000000083200000| Complete 
|  51|0x0000000083300000, 0x0000000083400000, 0x0000000083400000|100%|HC|  |TAMS 0x0000000083400000, 0x0000000083300000| Complete 
|  52|0x0000000083400000, 0x0000000083500000, 0x0000000083500000|100%| O|  |TAMS 0x0000000083500000, 0x0000000083400000| Untracked 
|  53|0x0000000083500000, 0x0000000083600000, 0x0000000083600000|100%| O|  |TAMS 0x0000000083600000, 0x0000000083500000| Untracked 
|  54|0x0000000083600000, 0x0000000083700000, 0x0000000083700000|100%| O|  |TAMS 0x0000000083700000, 0x0000000083600000| Untracked 
|  55|0x0000000083700000, 0x0000000083800000, 0x0000000083800000|100%| O|  |TAMS 0x0000000083800000, 0x0000000083700000| Untracked 
|  56|0x0000000083800000, 0x0000000083900000, 0x0000000083900000|100%| O|  |TAMS 0x0000000083900000, 0x0000000083800000| Untracked 
|  57|0x0000000083900000, 0x0000000083a00000, 0x0000000083a00000|100%| O|  |TAMS 0x0000000083a00000, 0x0000000083900000| Untracked 
|  58|0x0000000083a00000, 0x0000000083b00000, 0x0000000083b00000|100%| O|  |TAMS 0x0000000083b00000, 0x0000000083a00000| Untracked 
|  59|0x0000000083b00000, 0x0000000083c00000, 0x0000000083c00000|100%| O|  |TAMS 0x0000000083c00000, 0x0000000083b00000| Untracked 
|  60|0x0000000083c00000, 0x0000000083d00000, 0x0000000083d00000|100%| O|  |TAMS 0x0000000083d00000, 0x0000000083c00000| Untracked 
|  61|0x0000000083d00000, 0x0000000083e00000, 0x0000000083e00000|100%| O|  |TAMS 0x0000000083e00000, 0x0000000083d00000| Untracked 
|  62|0x0000000083e00000, 0x0000000083f00000, 0x0000000083f00000|100%| O|  |TAMS 0x0000000083f00000, 0x0000000083e00000| Untracked 
|  63|0x0000000083f00000, 0x0000000084000000, 0x0000000084000000|100%| O|  |TAMS 0x0000000084000000, 0x0000000083f00000| Untracked 
|  64|0x0000000084000000, 0x0000000084100000, 0x0000000084100000|100%| O|  |TAMS 0x0000000084100000, 0x0000000084000000| Untracked 
|  65|0x0000000084100000, 0x0000000084200000, 0x0000000084200000|100%| O|  |TAMS 0x0000000084200000, 0x0000000084100000| Untracked 
|  66|0x0000000084200000, 0x0000000084300000, 0x0000000084300000|100%| O|  |TAMS 0x0000000084300000, 0x0000000084200000| Untracked 
|  67|0x0000000084300000, 0x0000000084400000, 0x0000000084400000|100%| O|  |TAMS 0x0000000084400000, 0x0000000084300000| Untracked 
|  68|0x0000000084400000, 0x0000000084400000, 0x0000000084500000|  0%| F|  |TAMS 0x0000000084400000, 0x0000000084400000| Untracked 
|  69|0x0000000084500000, 0x0000000084600000, 0x0000000084600000|100%| O|  |TAMS 0x0000000084600000, 0x0000000084500000| Untracked 
|  70|0x0000000084600000, 0x0000000084600000, 0x0000000084700000|  0%| F|  |TAMS 0x0000000084600000, 0x0000000084600000| Untracked 
|  71|0x0000000084700000, 0x0000000084800000, 0x0000000084800000|100%| O|  |TAMS 0x0000000084800000, 0x0000000084700000| Untracked 
|  72|0x0000000084800000, 0x0000000084900000, 0x0000000084900000|100%| O|  |TAMS 0x0000000084900000, 0x0000000084800000| Untracked 
|  73|0x0000000084900000, 0x0000000084a00000, 0x0000000084a00000|100%| O|  |TAMS 0x0000000084a00000, 0x0000000084900000| Untracked 
|  74|0x0000000084a00000, 0x0000000084b00000, 0x0000000084b00000|100%| O|  |TAMS 0x0000000084b00000, 0x0000000084a00000| Untracked 
|  75|0x0000000084b00000, 0x0000000084c00000, 0x0000000084c00000|100%| O|  |TAMS 0x0000000084c00000, 0x0000000084b00000| Untracked 
|  76|0x0000000084c00000, 0x0000000084d00000, 0x0000000084d00000|100%| O|  |TAMS 0x0000000084d00000, 0x0000000084c00000| Untracked 
|  77|0x0000000084d00000, 0x0000000084e00000, 0x0000000084e00000|100%| O|  |TAMS 0x0000000084e00000, 0x0000000084d00000| Untracked 
|  78|0x0000000084e00000, 0x0000000084f00000, 0x0000000084f00000|100%| O|  |TAMS 0x0000000084f00000, 0x0000000084e00000| Untracked 
|  79|0x0000000084f00000, 0x0000000085000000, 0x0000000085000000|100%| O|  |TAMS 0x0000000085000000, 0x0000000084f00000| Untracked 
|  80|0x0000000085000000, 0x0000000085100000, 0x0000000085100000|100%| O|  |TAMS 0x0000000085100000, 0x0000000085000000| Untracked 
|  81|0x0000000085100000, 0x0000000085200000, 0x0000000085200000|100%| O|  |TAMS 0x0000000085200000, 0x0000000085100000| Untracked 
|  82|0x0000000085200000, 0x0000000085300000, 0x0000000085300000|100%| O|  |TAMS 0x0000000085300000, 0x0000000085200000| Untracked 
|  83|0x0000000085300000, 0x0000000085400000, 0x0000000085400000|100%| O|  |TAMS 0x0000000085400000, 0x0000000085300000| Untracked 
|  84|0x0000000085400000, 0x0000000085500000, 0x0000000085500000|100%| O|  |TAMS 0x0000000085500000, 0x0000000085400000| Untracked 
|  85|0x0000000085500000, 0x0000000085600000, 0x0000000085600000|100%| O|  |TAMS 0x0000000085600000, 0x0000000085500000| Untracked 
|  86|0x0000000085600000, 0x0000000085700000, 0x0000000085700000|100%| O|  |TAMS 0x0000000085700000, 0x0000000085600000| Untracked 
|  87|0x0000000085700000, 0x0000000085800000, 0x0000000085800000|100%| O|  |TAMS 0x0000000085800000, 0x0000000085700000| Untracked 
|  88|0x0000000085800000, 0x0000000085900000, 0x0000000085900000|100%| O|  |TAMS 0x0000000085900000, 0x0000000085800000| Untracked 
|  89|0x0000000085900000, 0x0000000085a00000, 0x0000000085a00000|100%| O|  |TAMS 0x0000000085a00000, 0x0000000085900000| Untracked 
|  90|0x0000000085a00000, 0x0000000085b00000, 0x0000000085b00000|100%| O|  |TAMS 0x0000000085b00000, 0x0000000085a00000| Untracked 
|  91|0x0000000085b00000, 0x0000000085c00000, 0x0000000085c00000|100%| O|  |TAMS 0x0000000085c00000, 0x0000000085b00000| Untracked 
|  92|0x0000000085c00000, 0x0000000085d00000, 0x0000000085d00000|100%| O|  |TAMS 0x0000000085d00000, 0x0000000085c00000| Untracked 
|  93|0x0000000085d00000, 0x0000000085e00000, 0x0000000085e00000|100%| O|  |TAMS 0x0000000085e00000, 0x0000000085d00000| Untracked 
|  94|0x0000000085e00000, 0x0000000085f00000, 0x0000000085f00000|100%| O|  |TAMS 0x0000000085f00000, 0x0000000085e00000| Untracked 
|  95|0x0000000085f00000, 0x0000000086000000, 0x0000000086000000|100%| O|  |TAMS 0x0000000086000000, 0x0000000085f00000| Untracked 
|  96|0x0000000086000000, 0x0000000086100000, 0x0000000086100000|100%| O|  |TAMS 0x0000000086100000, 0x0000000086000000| Untracked 
|  97|0x0000000086100000, 0x0000000086200000, 0x0000000086200000|100%| O|  |TAMS 0x0000000086200000, 0x0000000086100000| Untracked 
|  98|0x0000000086200000, 0x0000000086300000, 0x0000000086300000|100%| O|  |TAMS 0x0000000086300000, 0x0000000086200000| Untracked 
|  99|0x0000000086300000, 0x0000000086400000, 0x0000000086400000|100%| O|  |TAMS 0x0000000086400000, 0x0000000086300000| Untracked 
| 100|0x0000000086400000, 0x0000000086500000, 0x0000000086500000|100%| O|  |TAMS 0x0000000086500000, 0x0000000086400000| Untracked 
| 101|0x0000000086500000, 0x0000000086500000, 0x0000000086600000|  0%| F|  |TAMS 0x0000000086500000, 0x0000000086500000| Untracked 
| 102|0x0000000086600000, 0x0000000086700000, 0x0000000086700000|100%| O|  |TAMS 0x0000000086700000, 0x0000000086600000| Untracked 
| 103|0x0000000086700000, 0x0000000086800000, 0x0000000086800000|100%| O|  |TAMS 0x0000000086800000, 0x0000000086700000| Untracked 
| 104|0x0000000086800000, 0x0000000086900000, 0x0000000086900000|100%| O|  |TAMS 0x0000000086900000, 0x0000000086800000| Untracked 
| 105|0x0000000086900000, 0x0000000086a00000, 0x0000000086a00000|100%| O|  |TAMS 0x0000000086a00000, 0x0000000086900000| Untracked 
| 106|0x0000000086a00000, 0x0000000086b00000, 0x0000000086b00000|100%| O|  |TAMS 0x0000000086b00000, 0x0000000086a00000| Untracked 
| 107|0x0000000086b00000, 0x0000000086c00000, 0x0000000086c00000|100%| O|  |TAMS 0x0000000086c00000, 0x0000000086b00000| Untracked 
| 108|0x0000000086c00000, 0x0000000086d00000, 0x0000000086d00000|100%| O|  |TAMS 0x0000000086d00000, 0x0000000086c00000| Untracked 
| 109|0x0000000086d00000, 0x0000000086e00000, 0x0000000086e00000|100%| O|  |TAMS 0x0000000086e00000, 0x0000000086d00000| Untracked 
| 110|0x0000000086e00000, 0x0000000086f00000, 0x0000000086f00000|100%| O|  |TAMS 0x0000000086f00000, 0x0000000086e00000| Untracked 
| 111|0x0000000086f00000, 0x0000000087000000, 0x0000000087000000|100%| O|  |TAMS 0x0000000087000000, 0x0000000086f00000| Untracked 
| 112|0x0000000087000000, 0x0000000087100000, 0x0000000087100000|100%| O|  |TAMS 0x0000000087100000, 0x0000000087000000| Untracked 
| 113|0x0000000087100000, 0x0000000087200000, 0x0000000087200000|100%| O|  |TAMS 0x0000000087200000, 0x0000000087100000| Untracked 
| 114|0x0000000087200000, 0x0000000087200000, 0x0000000087300000|  0%| F|  |TAMS 0x0000000087200000, 0x0000000087200000| Untracked 
| 115|0x0000000087300000, 0x0000000087400000, 0x0000000087400000|100%| O|  |TAMS 0x0000000087400000, 0x0000000087300000| Untracked 
| 116|0x0000000087400000, 0x0000000087500000, 0x0000000087500000|100%| O|  |TAMS 0x0000000087500000, 0x0000000087400000| Untracked 
| 117|0x0000000087500000, 0x0000000087600000, 0x0000000087600000|100%| O|  |TAMS 0x0000000087600000, 0x0000000087500000| Untracked 
| 118|0x0000000087600000, 0x0000000087700000, 0x0000000087700000|100%| O|  |TAMS 0x0000000087700000, 0x0000000087600000| Untracked 
| 119|0x0000000087700000, 0x0000000087800000, 0x0000000087800000|100%| O|  |TAMS 0x0000000087800000, 0x0000000087700000| Untracked 
| 120|0x0000000087800000, 0x0000000087900000, 0x0000000087900000|100%| O|  |TAMS 0x0000000087900000, 0x0000000087800000| Untracked 
| 121|0x0000000087900000, 0x0000000087a00000, 0x0000000087a00000|100%| O|  |TAMS 0x0000000087a00000, 0x0000000087900000| Untracked 
| 122|0x0000000087a00000, 0x0000000087b00000, 0x0000000087b00000|100%| O|  |TAMS 0x0000000087b00000, 0x0000000087a00000| Untracked 
| 123|0x0000000087b00000, 0x0000000087c00000, 0x0000000087c00000|100%| O|  |TAMS 0x0000000087c00000, 0x0000000087b00000| Untracked 
| 124|0x0000000087c00000, 0x0000000087d00000, 0x0000000087d00000|100%| O|  |TAMS 0x0000000087d00000, 0x0000000087c00000| Untracked 
| 125|0x0000000087d00000, 0x0000000087e00000, 0x0000000087e00000|100%| O|  |TAMS 0x0000000087e00000, 0x0000000087d00000| Untracked 
| 126|0x0000000087e00000, 0x0000000087f00000, 0x0000000087f00000|100%| O|  |TAMS 0x0000000087f00000, 0x0000000087e00000| Untracked 
| 127|0x0000000087f00000, 0x0000000088000000, 0x0000000088000000|100%| O|  |TAMS 0x0000000088000000, 0x0000000087f00000| Untracked 
| 128|0x0000000088000000, 0x0000000088100000, 0x0000000088100000|100%| O|  |TAMS 0x0000000088100000, 0x0000000088000000| Untracked 
| 129|0x0000000088100000, 0x0000000088200000, 0x0000000088200000|100%| O|  |TAMS 0x0000000088200000, 0x0000000088100000| Untracked 
| 130|0x0000000088200000, 0x0000000088200000, 0x0000000088300000|  0%| F|  |TAMS 0x0000000088200000, 0x0000000088200000| Untracked 
| 131|0x0000000088300000, 0x0000000088400000, 0x0000000088400000|100%| O|  |TAMS 0x0000000088400000, 0x0000000088300000| Untracked 
| 132|0x0000000088400000, 0x0000000088500000, 0x0000000088500000|100%| O|  |TAMS 0x0000000088500000, 0x0000000088400000| Untracked 
| 133|0x0000000088500000, 0x0000000088600000, 0x0000000088600000|100%| O|  |TAMS 0x0000000088600000, 0x0000000088500000| Untracked 
| 134|0x0000000088600000, 0x0000000088700000, 0x0000000088700000|100%| O|  |TAMS 0x0000000088700000, 0x0000000088600000| Untracked 
| 135|0x0000000088700000, 0x0000000088800000, 0x0000000088800000|100%| O|  |TAMS 0x0000000088800000, 0x0000000088700000| Untracked 
| 136|0x0000000088800000, 0x0000000088800000, 0x0000000088900000|  0%| F|  |TAMS 0x0000000088800000, 0x0000000088800000| Untracked 
| 137|0x0000000088900000, 0x0000000088a00000, 0x0000000088a00000|100%| O|  |TAMS 0x0000000088a00000, 0x0000000088900000| Untracked 
| 138|0x0000000088a00000, 0x0000000088b00000, 0x0000000088b00000|100%| O|  |TAMS 0x0000000088b00000, 0x0000000088a00000| Untracked 
| 139|0x0000000088b00000, 0x0000000088c00000, 0x0000000088c00000|100%| O|  |TAMS 0x0000000088c00000, 0x0000000088b00000| Untracked 
| 140|0x0000000088c00000, 0x0000000088d00000, 0x0000000088d00000|100%| O|  |TAMS 0x0000000088d00000, 0x0000000088c00000| Untracked 
| 141|0x0000000088d00000, 0x0000000088e00000, 0x0000000088e00000|100%| O|  |TAMS 0x0000000088e00000, 0x0000000088d00000| Untracked 
| 142|0x0000000088e00000, 0x0000000088f00000, 0x0000000088f00000|100%| O|  |TAMS 0x0000000088f00000, 0x0000000088e00000| Untracked 
| 143|0x0000000088f00000, 0x0000000089000000, 0x0000000089000000|100%| O|  |TAMS 0x0000000089000000, 0x0000000088f00000| Untracked 
| 144|0x0000000089000000, 0x0000000089100000, 0x0000000089100000|100%| O|  |TAMS 0x0000000089100000, 0x0000000089000000| Untracked 
| 145|0x0000000089100000, 0x0000000089100000, 0x0000000089200000|  0%| F|  |TAMS 0x0000000089100000, 0x0000000089100000| Untracked 
| 146|0x0000000089200000, 0x0000000089200000, 0x0000000089300000|  0%| F|  |TAMS 0x0000000089200000, 0x0000000089200000| Untracked 
| 147|0x0000000089300000, 0x0000000089300000, 0x0000000089400000|  0%| F|  |TAMS 0x0000000089300000, 0x0000000089300000| Untracked 
| 148|0x0000000089400000, 0x0000000089400000, 0x0000000089500000|  0%| F|  |TAMS 0x0000000089400000, 0x0000000089400000| Untracked 
| 149|0x0000000089500000, 0x0000000089500000, 0x0000000089600000|  0%| F|  |TAMS 0x0000000089500000, 0x0000000089500000| Untracked 
| 150|0x0000000089600000, 0x0000000089600000, 0x0000000089700000|  0%| F|  |TAMS 0x0000000089600000, 0x0000000089600000| Untracked 
| 151|0x0000000089700000, 0x0000000089700000, 0x0000000089800000|  0%| F|  |TAMS 0x0000000089700000, 0x0000000089700000| Untracked 
| 152|0x0000000089800000, 0x0000000089800000, 0x0000000089900000|  0%| F|  |TAMS 0x0000000089800000, 0x0000000089800000| Untracked 
| 153|0x0000000089900000, 0x0000000089900000, 0x0000000089a00000|  0%| F|  |TAMS 0x0000000089900000, 0x0000000089900000| Untracked 
| 154|0x0000000089a00000, 0x0000000089a00000, 0x0000000089b00000|  0%| F|  |TAMS 0x0000000089a00000, 0x0000000089a00000| Untracked 
| 155|0x0000000089b00000, 0x0000000089b00000, 0x0000000089c00000|  0%| F|  |TAMS 0x0000000089b00000, 0x0000000089b00000| Untracked 
| 156|0x0000000089c00000, 0x0000000089c00000, 0x0000000089d00000|  0%| F|  |TAMS 0x0000000089c00000, 0x0000000089c00000| Untracked 
| 157|0x0000000089d00000, 0x0000000089d00000, 0x0000000089e00000|  0%| F|  |TAMS 0x0000000089d00000, 0x0000000089d00000| Untracked 
| 158|0x0000000089e00000, 0x0000000089e00000, 0x0000000089f00000|  0%| F|  |TAMS 0x0000000089e00000, 0x0000000089e00000| Untracked 
| 159|0x0000000089f00000, 0x0000000089f00000, 0x000000008a000000|  0%| F|  |TAMS 0x0000000089f00000, 0x0000000089f00000| Untracked 
| 160|0x000000008a000000, 0x000000008a000000, 0x000000008a100000|  0%| F|  |TAMS 0x000000008a000000, 0x000000008a000000| Untracked 
| 161|0x000000008a100000, 0x000000008a100000, 0x000000008a200000|  0%| F|  |TAMS 0x000000008a100000, 0x000000008a100000| Untracked 
| 162|0x000000008a200000, 0x000000008a200000, 0x000000008a300000|  0%| F|  |TAMS 0x000000008a200000, 0x000000008a200000| Untracked 
| 163|0x000000008a300000, 0x000000008a300000, 0x000000008a400000|  0%| F|  |TAMS 0x000000008a300000, 0x000000008a300000| Untracked 
| 164|0x000000008a400000, 0x000000008a400000, 0x000000008a500000|  0%| F|  |TAMS 0x000000008a400000, 0x000000008a400000| Untracked 
| 165|0x000000008a500000, 0x000000008a500000, 0x000000008a600000|  0%| F|  |TAMS 0x000000008a500000, 0x000000008a500000| Untracked 
| 166|0x000000008a600000, 0x000000008a600000, 0x000000008a700000|  0%| F|  |TAMS 0x000000008a600000, 0x000000008a600000| Untracked 
| 167|0x000000008a700000, 0x000000008a700000, 0x000000008a800000|  0%| F|  |TAMS 0x000000008a700000, 0x000000008a700000| Untracked 
| 168|0x000000008a800000, 0x000000008a800000, 0x000000008a900000|  0%| F|  |TAMS 0x000000008a800000, 0x000000008a800000| Untracked 
| 169|0x000000008a900000, 0x000000008a900000, 0x000000008aa00000|  0%| F|  |TAMS 0x000000008a900000, 0x000000008a900000| Untracked 
| 170|0x000000008aa00000, 0x000000008aa00000, 0x000000008ab00000|  0%| F|  |TAMS 0x000000008aa00000, 0x000000008aa00000| Untracked 
| 171|0x000000008ab00000, 0x000000008ab00000, 0x000000008ac00000|  0%| F|  |TAMS 0x000000008ab00000, 0x000000008ab00000| Untracked 
| 172|0x000000008ac00000, 0x000000008ac00000, 0x000000008ad00000|  0%| F|  |TAMS 0x000000008ac00000, 0x000000008ac00000| Untracked 
| 173|0x000000008ad00000, 0x000000008ad00000, 0x000000008ae00000|  0%| F|  |TAMS 0x000000008ad00000, 0x000000008ad00000| Untracked 
| 174|0x000000008ae00000, 0x000000008ae00000, 0x000000008af00000|  0%| F|  |TAMS 0x000000008ae00000, 0x000000008ae00000| Untracked 
| 175|0x000000008af00000, 0x000000008af00000, 0x000000008b000000|  0%| F|  |TAMS 0x000000008af00000, 0x000000008af00000| Untracked 
| 176|0x000000008b000000, 0x000000008b000000, 0x000000008b100000|  0%| F|  |TAMS 0x000000008b000000, 0x000000008b000000| Untracked 
| 177|0x000000008b100000, 0x000000008b100000, 0x000000008b200000|  0%| F|  |TAMS 0x000000008b100000, 0x000000008b100000| Untracked 
| 178|0x000000008b200000, 0x000000008b200000, 0x000000008b300000|  0%| F|  |TAMS 0x000000008b200000, 0x000000008b200000| Untracked 
| 179|0x000000008b300000, 0x000000008b345450, 0x000000008b400000| 27%| S|CS|TAMS 0x000000008b300000, 0x000000008b300000| Complete 
| 180|0x000000008b400000, 0x000000008b500000, 0x000000008b500000|100%| S|CS|TAMS 0x000000008b400000, 0x000000008b400000| Complete 
| 181|0x000000008b500000, 0x000000008b600000, 0x000000008b600000|100%| S|CS|TAMS 0x000000008b500000, 0x000000008b500000| Complete 
| 182|0x000000008b600000, 0x000000008b700000, 0x000000008b700000|100%| S|CS|TAMS 0x000000008b600000, 0x000000008b600000| Complete 
| 183|0x000000008b700000, 0x000000008b700000, 0x000000008b800000|  0%| F|  |TAMS 0x000000008b700000, 0x000000008b700000| Untracked 
| 184|0x000000008b800000, 0x000000008b800000, 0x000000008b900000|  0%| F|  |TAMS 0x000000008b800000, 0x000000008b800000| Untracked 
| 185|0x000000008b900000, 0x000000008ba00000, 0x000000008ba00000|100%| E|CS|TAMS 0x000000008b900000, 0x000000008b900000| Complete 
| 186|0x000000008ba00000, 0x000000008bb00000, 0x000000008bb00000|100%| E|CS|TAMS 0x000000008ba00000, 0x000000008ba00000| Complete 
| 187|0x000000008bb00000, 0x000000008bc00000, 0x000000008bc00000|100%| E|CS|TAMS 0x000000008bb00000, 0x000000008bb00000| Complete 
| 188|0x000000008bc00000, 0x000000008bd00000, 0x000000008bd00000|100%| E|CS|TAMS 0x000000008bc00000, 0x000000008bc00000| Complete 
| 189|0x000000008bd00000, 0x000000008be00000, 0x000000008be00000|100%| E|CS|TAMS 0x000000008bd00000, 0x000000008bd00000| Complete 
| 190|0x000000008be00000, 0x000000008bf00000, 0x000000008bf00000|100%| E|CS|TAMS 0x000000008be00000, 0x000000008be00000| Complete 
| 191|0x000000008bf00000, 0x000000008c000000, 0x000000008c000000|100%| E|CS|TAMS 0x000000008bf00000, 0x000000008bf00000| Complete 
| 192|0x000000008c000000, 0x000000008c100000, 0x000000008c100000|100%| E|CS|TAMS 0x000000008c000000, 0x000000008c000000| Complete 
| 193|0x000000008c100000, 0x000000008c200000, 0x000000008c200000|100%| E|CS|TAMS 0x000000008c100000, 0x000000008c100000| Complete 
| 194|0x000000008c200000, 0x000000008c300000, 0x000000008c300000|100%| E|CS|TAMS 0x000000008c200000, 0x000000008c200000| Complete 
| 195|0x000000008c300000, 0x000000008c400000, 0x000000008c400000|100%| E|CS|TAMS 0x000000008c300000, 0x000000008c300000| Complete 
| 196|0x000000008c400000, 0x000000008c500000, 0x000000008c500000|100%| E|CS|TAMS 0x000000008c400000, 0x000000008c400000| Complete 
| 197|0x000000008c500000, 0x000000008c600000, 0x000000008c600000|100%| E|CS|TAMS 0x000000008c500000, 0x000000008c500000| Complete 
| 198|0x000000008c600000, 0x000000008c700000, 0x000000008c700000|100%| E|CS|TAMS 0x000000008c600000, 0x000000008c600000| Complete 
| 199|0x000000008c700000, 0x000000008c800000, 0x000000008c800000|100%| E|CS|TAMS 0x000000008c700000, 0x000000008c700000| Complete 
| 200|0x000000008c800000, 0x000000008c900000, 0x000000008c900000|100%| E|CS|TAMS 0x000000008c800000, 0x000000008c800000| Complete 
| 201|0x000000008c900000, 0x000000008ca00000, 0x000000008ca00000|100%| E|CS|TAMS 0x000000008c900000, 0x000000008c900000| Complete 
| 202|0x000000008ca00000, 0x000000008cb00000, 0x000000008cb00000|100%| E|CS|TAMS 0x000000008ca00000, 0x000000008ca00000| Complete 
| 203|0x000000008cb00000, 0x000000008cc00000, 0x000000008cc00000|100%| E|CS|TAMS 0x000000008cb00000, 0x000000008cb00000| Complete 
| 204|0x000000008cc00000, 0x000000008cd00000, 0x000000008cd00000|100%| E|CS|TAMS 0x000000008cc00000, 0x000000008cc00000| Complete 
| 205|0x000000008cd00000, 0x000000008ce00000, 0x000000008ce00000|100%| E|CS|TAMS 0x000000008cd00000, 0x000000008cd00000| Complete 
| 206|0x000000008ce00000, 0x000000008cf00000, 0x000000008cf00000|100%| E|CS|TAMS 0x000000008ce00000, 0x000000008ce00000| Complete 
| 207|0x000000008cf00000, 0x000000008d000000, 0x000000008d000000|100%| E|CS|TAMS 0x000000008cf00000, 0x000000008cf00000| Complete 
| 208|0x000000008d000000, 0x000000008d100000, 0x000000008d100000|100%| E|CS|TAMS 0x000000008d000000, 0x000000008d000000| Complete 
| 209|0x000000008d100000, 0x000000008d200000, 0x000000008d200000|100%| E|CS|TAMS 0x000000008d100000, 0x000000008d100000| Complete 
| 210|0x000000008d200000, 0x000000008d300000, 0x000000008d300000|100%| E|CS|TAMS 0x000000008d200000, 0x000000008d200000| Complete 
| 211|0x000000008d300000, 0x000000008d400000, 0x000000008d400000|100%| E|CS|TAMS 0x000000008d300000, 0x000000008d300000| Complete 
| 212|0x000000008d400000, 0x000000008d500000, 0x000000008d500000|100%| E|CS|TAMS 0x000000008d400000, 0x000000008d400000| Complete 
| 213|0x000000008d500000, 0x000000008d600000, 0x000000008d600000|100%| E|CS|TAMS 0x000000008d500000, 0x000000008d500000| Complete 
| 214|0x000000008d600000, 0x000000008d700000, 0x000000008d700000|100%| E|CS|TAMS 0x000000008d600000, 0x000000008d600000| Complete 
| 215|0x000000008d700000, 0x000000008d800000, 0x000000008d800000|100%| E|CS|TAMS 0x000000008d700000, 0x000000008d700000| Complete 
| 216|0x000000008d800000, 0x000000008d900000, 0x000000008d900000|100%| E|CS|TAMS 0x000000008d800000, 0x000000008d800000| Complete 
| 217|0x000000008d900000, 0x000000008da00000, 0x000000008da00000|100%| E|CS|TAMS 0x000000008d900000, 0x000000008d900000| Complete 
| 218|0x000000008da00000, 0x000000008db00000, 0x000000008db00000|100%| E|CS|TAMS 0x000000008da00000, 0x000000008da00000| Complete 
| 219|0x000000008db00000, 0x000000008dc00000, 0x000000008dc00000|100%| E|CS|TAMS 0x000000008db00000, 0x000000008db00000| Complete 
| 220|0x000000008dc00000, 0x000000008dd00000, 0x000000008dd00000|100%| E|CS|TAMS 0x000000008dc00000, 0x000000008dc00000| Complete 
| 221|0x000000008dd00000, 0x000000008de00000, 0x000000008de00000|100%| E|CS|TAMS 0x000000008dd00000, 0x000000008dd00000| Complete 
| 222|0x000000008de00000, 0x000000008df00000, 0x000000008df00000|100%| E|CS|TAMS 0x000000008de00000, 0x000000008de00000| Complete 
| 223|0x000000008df00000, 0x000000008e000000, 0x000000008e000000|100%| E|CS|TAMS 0x000000008df00000, 0x000000008df00000| Complete 
| 224|0x000000008e000000, 0x000000008e100000, 0x000000008e100000|100%| E|CS|TAMS 0x000000008e000000, 0x000000008e000000| Complete 
| 225|0x000000008e100000, 0x000000008e200000, 0x000000008e200000|100%| E|CS|TAMS 0x000000008e100000, 0x000000008e100000| Complete 
| 226|0x000000008e200000, 0x000000008e300000, 0x000000008e300000|100%| E|CS|TAMS 0x000000008e200000, 0x000000008e200000| Complete 
| 227|0x000000008e300000, 0x000000008e400000, 0x000000008e400000|100%| E|CS|TAMS 0x000000008e300000, 0x000000008e300000| Complete 
| 228|0x000000008e400000, 0x000000008e500000, 0x000000008e500000|100%| E|CS|TAMS 0x000000008e400000, 0x000000008e400000| Complete 
| 229|0x000000008e500000, 0x000000008e600000, 0x000000008e600000|100%| E|CS|TAMS 0x000000008e500000, 0x000000008e500000| Complete 
| 230|0x000000008e600000, 0x000000008e700000, 0x000000008e700000|100%| E|CS|TAMS 0x000000008e600000, 0x000000008e600000| Complete 
| 231|0x000000008e700000, 0x000000008e800000, 0x000000008e800000|100%| E|CS|TAMS 0x000000008e700000, 0x000000008e700000| Complete 
| 232|0x000000008e800000, 0x000000008e900000, 0x000000008e900000|100%| E|CS|TAMS 0x000000008e800000, 0x000000008e800000| Complete 
| 233|0x000000008e900000, 0x000000008ea00000, 0x000000008ea00000|100%| E|CS|TAMS 0x000000008e900000, 0x000000008e900000| Complete 
| 234|0x000000008ea00000, 0x000000008eb00000, 0x000000008eb00000|100%| E|CS|TAMS 0x000000008ea00000, 0x000000008ea00000| Complete 
| 235|0x000000008eb00000, 0x000000008ec00000, 0x000000008ec00000|100%| E|CS|TAMS 0x000000008eb00000, 0x000000008eb00000| Complete 
| 236|0x000000008ec00000, 0x000000008ed00000, 0x000000008ed00000|100%| E|CS|TAMS 0x000000008ec00000, 0x000000008ec00000| Complete 
| 237|0x000000008ed00000, 0x000000008ee00000, 0x000000008ee00000|100%| E|CS|TAMS 0x000000008ed00000, 0x000000008ed00000| Complete 
| 238|0x000000008ee00000, 0x000000008ef00000, 0x000000008ef00000|100%| E|CS|TAMS 0x000000008ee00000, 0x000000008ee00000| Complete 
| 239|0x000000008ef00000, 0x000000008f000000, 0x000000008f000000|100%| E|CS|TAMS 0x000000008ef00000, 0x000000008ef00000| Complete 
| 240|0x000000008f000000, 0x000000008f100000, 0x000000008f100000|100%| E|CS|TAMS 0x000000008f000000, 0x000000008f000000| Complete 
| 241|0x000000008f100000, 0x000000008f200000, 0x000000008f200000|100%| E|CS|TAMS 0x000000008f100000, 0x000000008f100000| Complete 
| 242|0x000000008f200000, 0x000000008f300000, 0x000000008f300000|100%| E|CS|TAMS 0x000000008f200000, 0x000000008f200000| Complete 
| 243|0x000000008f300000, 0x000000008f400000, 0x000000008f400000|100%| E|CS|TAMS 0x000000008f300000, 0x000000008f300000| Complete 
| 244|0x000000008f400000, 0x000000008f500000, 0x000000008f500000|100%| E|CS|TAMS 0x000000008f400000, 0x000000008f400000| Complete 
| 245|0x000000008f500000, 0x000000008f600000, 0x000000008f600000|100%| E|CS|TAMS 0x000000008f500000, 0x000000008f500000| Complete 
| 246|0x000000008f600000, 0x000000008f700000, 0x000000008f700000|100%| E|CS|TAMS 0x000000008f600000, 0x000000008f600000| Complete 
| 247|0x000000008f700000, 0x000000008f800000, 0x000000008f800000|100%| E|CS|TAMS 0x000000008f700000, 0x000000008f700000| Complete 
| 248|0x000000008f800000, 0x000000008f900000, 0x000000008f900000|100%| E|CS|TAMS 0x000000008f800000, 0x000000008f800000| Complete 
| 249|0x000000008f900000, 0x000000008fa00000, 0x000000008fa00000|100%| E|CS|TAMS 0x000000008f900000, 0x000000008f900000| Complete 
| 250|0x000000008fa00000, 0x000000008fb00000, 0x000000008fb00000|100%| E|CS|TAMS 0x000000008fa00000, 0x000000008fa00000| Complete 
| 251|0x000000008fb00000, 0x000000008fc00000, 0x000000008fc00000|100%| E|CS|TAMS 0x000000008fb00000, 0x000000008fb00000| Complete 
| 252|0x000000008fc00000, 0x000000008fd00000, 0x000000008fd00000|100%| E|CS|TAMS 0x000000008fc00000, 0x000000008fc00000| Complete 
| 253|0x000000008fd00000, 0x000000008fe00000, 0x000000008fe00000|100%| E|CS|TAMS 0x000000008fd00000, 0x000000008fd00000| Complete 
| 254|0x000000008fe00000, 0x000000008ff00000, 0x000000008ff00000|100%| E|CS|TAMS 0x000000008fe00000, 0x000000008fe00000| Complete 
| 255|0x000000008ff00000, 0x0000000090000000, 0x0000000090000000|100%| E|CS|TAMS 0x000000008ff00000, 0x000000008ff00000| Complete 
| 256|0x0000000090000000, 0x0000000090100000, 0x0000000090100000|100%| E|CS|TAMS 0x0000000090000000, 0x0000000090000000| Complete 
| 257|0x0000000090100000, 0x0000000090200000, 0x0000000090200000|100%| E|CS|TAMS 0x0000000090100000, 0x0000000090100000| Complete 
| 258|0x0000000090200000, 0x0000000090300000, 0x0000000090300000|100%| E|CS|TAMS 0x0000000090200000, 0x0000000090200000| Complete 
| 259|0x0000000090300000, 0x0000000090400000, 0x0000000090400000|100%| E|CS|TAMS 0x0000000090300000, 0x0000000090300000| Complete 
| 260|0x0000000090400000, 0x0000000090500000, 0x0000000090500000|100%| E|CS|TAMS 0x0000000090400000, 0x0000000090400000| Complete 
| 261|0x0000000090500000, 0x0000000090600000, 0x0000000090600000|100%| E|CS|TAMS 0x0000000090500000, 0x0000000090500000| Complete 
| 262|0x0000000090600000, 0x0000000090700000, 0x0000000090700000|100%| E|CS|TAMS 0x0000000090600000, 0x0000000090600000| Complete 
| 263|0x0000000090700000, 0x0000000090800000, 0x0000000090800000|100%| E|CS|TAMS 0x0000000090700000, 0x0000000090700000| Complete 
| 264|0x0000000090800000, 0x0000000090900000, 0x0000000090900000|100%| E|CS|TAMS 0x0000000090800000, 0x0000000090800000| Complete 
| 265|0x0000000090900000, 0x0000000090a00000, 0x0000000090a00000|100%| E|CS|TAMS 0x0000000090900000, 0x0000000090900000| Complete 
| 266|0x0000000090a00000, 0x0000000090b00000, 0x0000000090b00000|100%| E|CS|TAMS 0x0000000090a00000, 0x0000000090a00000| Complete 
| 267|0x0000000090b00000, 0x0000000090c00000, 0x0000000090c00000|100%| E|CS|TAMS 0x0000000090b00000, 0x0000000090b00000| Complete 
| 268|0x0000000090c00000, 0x0000000090d00000, 0x0000000090d00000|100%| E|CS|TAMS 0x0000000090c00000, 0x0000000090c00000| Complete 
| 269|0x0000000090d00000, 0x0000000090e00000, 0x0000000090e00000|100%| E|CS|TAMS 0x0000000090d00000, 0x0000000090d00000| Complete 
| 270|0x0000000090e00000, 0x0000000090f00000, 0x0000000090f00000|100%| E|CS|TAMS 0x0000000090e00000, 0x0000000090e00000| Complete 
| 271|0x0000000090f00000, 0x0000000091000000, 0x0000000091000000|100%| E|CS|TAMS 0x0000000090f00000, 0x0000000090f00000| Complete 
| 272|0x0000000091000000, 0x0000000091100000, 0x0000000091100000|100%| E|CS|TAMS 0x0000000091000000, 0x0000000091000000| Complete 
| 273|0x0000000091100000, 0x0000000091200000, 0x0000000091200000|100%| E|CS|TAMS 0x0000000091100000, 0x0000000091100000| Complete 

Card table byte_map: [0x00000256fe1f0000,0x00000256fe5f0000] _byte_map_base: 0x00000256fddf0000

Marking Bits (Prev, Next): (CMBitMap*) 0x00000256eae5b730, (CMBitMap*) 0x00000256eae5b6f8
 Prev Bits: [0x0000025682000000, 0x0000025684000000)
 Next Bits: [0x0000025680000000, 0x0000025682000000)

Polling page: 0x00000256eaf00000

Metaspace:

Usage:
  Non-class:    111.52 MB capacity,   109.33 MB ( 98%) used,     1.84 MB (  2%) free+waste,   361.50 KB ( <1%) overhead. 
      Class:     16.35 MB capacity,    15.19 MB ( 93%) used,     1.00 MB (  6%) free+waste,   160.06 KB ( <1%) overhead. 
       Both:    127.87 MB capacity,   124.52 MB ( 97%) used,     2.84 MB (  2%) free+waste,   521.56 KB ( <1%) overhead. 

Virtual space:
  Non-class space:      112.00 MB reserved,     111.62 MB (>99%) committed 
      Class space:        1.00 GB reserved,      16.45 MB (  2%) committed 
             Both:        1.11 GB reserved,     128.07 MB ( 11%) committed 

Chunk freelists:
   Non-Class:  41.00 KB
       Class:  0 bytes
        Both:  41.00 KB

MaxMetaspaceSize: 17179869184.00 GB
CompressedClassSpaceSize: 1.00 GB

CodeHeap 'non-profiled nmethods': size=120064Kb used=12701Kb max_used=12701Kb free=107362Kb
 bounds [0x00000256f6280000, 0x00000256f6f00000, 0x00000256fd7c0000]
CodeHeap 'profiled nmethods': size=120000Kb used=45105Kb max_used=45625Kb free=74894Kb
 bounds [0x00000256eed50000, 0x00000256f1a80000, 0x00000256f6280000]
CodeHeap 'non-nmethods': size=5696Kb used=2367Kb max_used=2458Kb free=3328Kb
 bounds [0x00000256ee7c0000, 0x00000256eea30000, 0x00000256eed50000]
 total_blobs=19812 nmethods=18820 adapters=902
 compilation: enabled
              stopped_count=0, restarted_count=0
 full_count=0

Compilation events (20 events):
Event: 283.546 Thread 0x00000256ff057000 21758       3       com.android.tools.r8.ir.conversion.S::c (163 bytes)
Event: 283.547 Thread 0x00000256ff057000 nmethod 21758 0x00000256ef2a8e10 code [0x00000256ef2a90e0, 0x00000256ef2aa2e8]
Event: 283.549 Thread 0x00000256ff057000 21759       2       com.android.tools.r8.r.o.f::a (39 bytes)
Event: 283.551 Thread 0x00000256ff057000 nmethod 21759 0x00000256ef0d0c10 code [0x00000256ef0d0e60, 0x00000256ef0d1458]
Event: 283.551 Thread 0x00000256ff057000 21760       2       com.android.tools.r8.r.o.f::a (49 bytes)
Event: 283.553 Thread 0x00000256ff057000 nmethod 21760 0x00000256ef2edc90 code [0x00000256ef2edf20, 0x00000256ef2eeaf8]
Event: 283.553 Thread 0x00000256ff057000 21761       2       com.android.tools.r8.ir.conversion.S::a (84 bytes)
Event: 283.553 Thread 0x00000256ff057000 nmethod 21761 0x00000256ef06fc90 code [0x00000256ef06fea0, 0x00000256ef0701e8]
Event: 283.554 Thread 0x00000256ff057000 21762       2       com.android.tools.r8.ir.conversion.S::b (118 bytes)
Event: 283.554 Thread 0x00000256ff057000 nmethod 21762 0x00000256ef0cbe10 code [0x00000256ef0cc020, 0x00000256ef0cc318]
Event: 283.587 Thread 0x00000256ff04a000 nmethod 21609 0x00000256f6edd090 code [0x00000256f6edd500, 0x00000256f6ee0518]
Event: 283.587 Thread 0x00000256ff04a000 21744       4       com.android.tools.r8.v.b.o::f (38 bytes)
Event: 283.604 Thread 0x00000256ff04a000 nmethod 21744 0x00000256f6391c10 code [0x00000256f6391dc0, 0x00000256f6392118]
Event: 283.604 Thread 0x00000256ff04a000 21753 %     4       com.android.tools.r8.ir.regalloc.a::a @ 531 (950 bytes)
Event: 283.769 Thread 0x00000256ff057000 21769       2       com.android.tools.r8.v.b.x::a (7 bytes)
Event: 283.769 Thread 0x00000256ff057000 nmethod 21769 0x00000256eeed2d10 code [0x00000256eeed2ec0, 0x00000256eeed2fc8]
Event: 283.942 Thread 0x0000025694e5f000 nmethod 21666% 0x00000256f6ee2a90 code [0x00000256f6ee3e20, 0x00000256f6eef008]
Event: 283.943 Thread 0x0000025694e5f000 21770       4       com.android.tools.r8.v.b.O::b (71 bytes)
Event: 283.948 Thread 0x0000025694e5f000 nmethod 21770 0x00000256f62e5c10 code [0x00000256f62e5dc0, 0x00000256f62e5f38]
Event: 283.948 Thread 0x0000025694e5f000 21606       4       com.android.tools.r8.v.b.q::remove (246 bytes)

GC Heap History (20 events):
Event: 275.647 GC heap before
{Heap before GC invocations=125 (full 0):
 garbage-first heap   total 227328K, used 152083K [0x0000000080000000, 0x0000000100000000)
  region size 1024K, 11 young (11264K), 3 survivors (3072K)
 Metaspace       used 127426K, capacity 130807K, committed 131144K, reserved 1163264K
  class space    used 15553K, capacity 16741K, committed 16844K, reserved 1048576K
}
Event: 275.659 GC heap after
{Heap after GC invocations=126 (full 0):
 garbage-first heap   total 227328K, used 143485K [0x0000000080000000, 0x0000000100000000)
  region size 1024K, 1 young (1024K), 1 survivors (1024K)
 Metaspace       used 127426K, capacity 130807K, committed 131144K, reserved 1163264K
  class space    used 15553K, capacity 16741K, committed 16844K, reserved 1048576K
}
Event: 276.222 GC heap before
{Heap before GC invocations=126 (full 0):
 garbage-first heap   total 227328K, used 195709K [0x0000000080000000, 0x0000000100000000)
  region size 1024K, 52 young (53248K), 1 survivors (1024K)
 Metaspace       used 127434K, capacity 130872K, committed 131144K, reserved 1163264K
  class space    used 15553K, capacity 16741K, committed 16844K, reserved 1048576K
}
Event: 276.234 GC heap after
{Heap after GC invocations=127 (full 0):
 garbage-first heap   total 227328K, used 144919K [0x0000000080000000, 0x0000000100000000)
  region size 1024K, 2 young (2048K), 2 survivors (2048K)
 Metaspace       used 127434K, capacity 130872K, committed 131144K, reserved 1163264K
  class space    used 15553K, capacity 16741K, committed 16844K, reserved 1048576K
}
Event: 277.422 GC heap before
{Heap before GC invocations=128 (full 0):
 garbage-first heap   total 227328K, used 197143K [0x0000000080000000, 0x0000000100000000)
  region size 1024K, 53 young (54272K), 2 survivors (2048K)
 Metaspace       used 127439K, capacity 130872K, committed 131144K, reserved 1163264K
  class space    used 15553K, capacity 16741K, committed 16844K, reserved 1048576K
}
Event: 277.428 GC heap after
{Heap after GC invocations=129 (full 0):
 garbage-first heap   total 227328K, used 144087K [0x0000000080000000, 0x0000000100000000)
  region size 1024K, 1 young (1024K), 1 survivors (1024K)
 Metaspace       used 127439K, capacity 130872K, committed 131144K, reserved 1163264K
  class space    used 15553K, capacity 16741K, committed 16844K, reserved 1048576K
}
Event: 277.460 GC heap before
{Heap before GC invocations=129 (full 0):
 garbage-first heap   total 227328K, used 154327K [0x0000000080000000, 0x0000000100000000)
  region size 1024K, 11 young (11264K), 1 survivors (1024K)
 Metaspace       used 127439K, capacity 130872K, committed 131144K, reserved 1163264K
  class space    used 15553K, capacity 16741K, committed 16844K, reserved 1048576K
}
Event: 277.488 GC heap after
{Heap after GC invocations=130 (full 0):
 garbage-first heap   total 227328K, used 142994K [0x0000000080000000, 0x0000000100000000)
  region size 1024K, 2 young (2048K), 2 survivors (2048K)
 Metaspace       used 127439K, capacity 130872K, committed 131144K, reserved 1163264K
  class space    used 15553K, capacity 16741K, committed 16844K, reserved 1048576K
}
Event: 278.160 GC heap before
{Heap before GC invocations=130 (full 0):
 garbage-first heap   total 227328K, used 196242K [0x0000000080000000, 0x0000000100000000)
  region size 1024K, 54 young (55296K), 2 survivors (2048K)
 Metaspace       used 127452K, capacity 130872K, committed 131144K, reserved 1163264K
  class space    used 15555K, capacity 16741K, committed 16844K, reserved 1048576K
}
Event: 278.171 GC heap after
{Heap after GC invocations=131 (full 0):
 garbage-first heap   total 227328K, used 143734K [0x0000000080000000, 0x0000000100000000)
  region size 1024K, 2 young (2048K), 2 survivors (2048K)
 Metaspace       used 127452K, capacity 130872K, committed 131144K, reserved 1163264K
  class space    used 15555K, capacity 16741K, committed 16844K, reserved 1048576K
}
Event: 279.217 GC heap before
{Heap before GC invocations=132 (full 0):
 garbage-first heap   total 227328K, used 198006K [0x0000000080000000, 0x0000000100000000)
  region size 1024K, 55 young (56320K), 2 survivors (2048K)
 Metaspace       used 127455K, capacity 130872K, committed 131144K, reserved 1163264K
  class space    used 15555K, capacity 16741K, committed 16844K, reserved 1048576K
}
Event: 279.227 GC heap after
{Heap after GC invocations=133 (full 0):
 garbage-first heap   total 227328K, used 143976K [0x0000000080000000, 0x0000000100000000)
  region size 1024K, 3 young (3072K), 3 survivors (3072K)
 Metaspace       used 127455K, capacity 130872K, committed 131144K, reserved 1163264K
  class space    used 15555K, capacity 16741K, committed 16844K, reserved 1048576K
}
Event: 279.258 GC heap before
{Heap before GC invocations=133 (full 0):
 garbage-first heap   total 227328K, used 151144K [0x0000000080000000, 0x0000000100000000)
  region size 1024K, 11 young (11264K), 3 survivors (3072K)
 Metaspace       used 127455K, capacity 130872K, committed 131144K, reserved 1163264K
  class space    used 15555K, capacity 16741K, committed 16844K, reserved 1048576K
}
Event: 279.287 GC heap after
{Heap after GC invocations=134 (full 0):
 garbage-first heap   total 227328K, used 143313K [0x0000000080000000, 0x0000000100000000)
  region size 1024K, 2 young (2048K), 2 survivors (2048K)
 Metaspace       used 127455K, capacity 130872K, committed 131144K, reserved 1163264K
  class space    used 15555K, capacity 16741K, committed 16844K, reserved 1048576K
}
Event: 280.081 GC heap before
{Heap before GC invocations=134 (full 0):
 garbage-first heap   total 227328K, used 197585K [0x0000000080000000, 0x0000000100000000)
  region size 1024K, 55 young (56320K), 2 survivors (2048K)
 Metaspace       used 127471K, capacity 130872K, committed 131144K, reserved 1163264K
  class space    used 15555K, capacity 16741K, committed 16844K, reserved 1048576K
}
Event: 280.091 GC heap after
{Heap after GC invocations=135 (full 0):
 garbage-first heap   total 280576K, used 143895K [0x0000000080000000, 0x0000000100000000)
  region size 1024K, 2 young (2048K), 2 survivors (2048K)
 Metaspace       used 127471K, capacity 130872K, committed 131144K, reserved 1163264K
  class space    used 15555K, capacity 16741K, committed 16844K, reserved 1048576K
}
Event: 281.768 GC heap before
{Heap before GC invocations=136 (full 0):
 garbage-first heap   total 280576K, used 231959K [0x0000000080000000, 0x0000000100000000)
  region size 1024K, 88 young (90112K), 2 survivors (2048K)
 Metaspace       used 127476K, capacity 130872K, committed 131144K, reserved 1163264K
  class space    used 15556K, capacity 16741K, committed 16844K, reserved 1048576K
}
Event: 281.776 GC heap after
{Heap after GC invocations=137 (full 0):
 garbage-first heap   total 280576K, used 144241K [0x0000000080000000, 0x0000000100000000)
  region size 1024K, 2 young (2048K), 2 survivors (2048K)
 Metaspace       used 127476K, capacity 130872K, committed 131144K, reserved 1163264K
  class space    used 15556K, capacity 16741K, committed 16844K, reserved 1048576K
}
Event: 282.630 GC heap before
{Heap before GC invocations=137 (full 0):
 garbage-first heap   total 280576K, used 235377K [0x0000000080000000, 0x0000000100000000)
  region size 1024K, 91 young (93184K), 2 survivors (2048K)
 Metaspace       used 127486K, capacity 130872K, committed 131144K, reserved 1163264K
  class space    used 15556K, capacity 16741K, committed 16844K, reserved 1048576K
}
Event: 282.646 GC heap after
{Heap after GC invocations=138 (full 0):
 garbage-first heap   total 280576K, used 145542K [0x0000000080000000, 0x0000000100000000)
  region size 1024K, 4 young (4096K), 4 survivors (4096K)
 Metaspace       used 127486K, capacity 130872K, committed 131144K, reserved 1163264K
  class space    used 15556K, capacity 16741K, committed 16844K, reserved 1048576K
}

Deoptimization events (20 events):
Event: 282.830 Thread 0x000002568a2e7800 DEOPT PACKING pc=0x00000256f6ea5f10 sp=0x000000be433f9b40
Event: 282.830 Thread 0x000002568a2e7800 DEOPT UNPACKING pc=0x00000256ee7e74af sp=0x000000be433f9b30 mode 2
Event: 282.982 Thread 0x000002568a2e6800 DEOPT PACKING pc=0x00000256f1694c5b sp=0x000000be432f97a0
Event: 282.982 Thread 0x000002568a2e6800 DEOPT UNPACKING pc=0x00000256ee7e72ce sp=0x000000be432f9020 mode 0
Event: 283.251 Thread 0x000002568a2e2800 DEOPT PACKING pc=0x00000256f121504d sp=0x000000be430f98b0
Event: 283.251 Thread 0x000002568a2e2800 DEOPT UNPACKING pc=0x00000256ee7e72ce sp=0x000000be430f9078 mode 0
Event: 283.261 Thread 0x000002568a2e2800 DEOPT PACKING pc=0x00000256f1072d69 sp=0x000000be430f9770
Event: 283.261 Thread 0x000002568a2e2800 DEOPT UNPACKING pc=0x00000256ee7e72ce sp=0x000000be430f8c20 mode 0
Event: 283.280 Thread 0x000002568a2e7800 Uncommon trap: trap_request=0xffffff4d fr.pc=0x00000256f6ed1c18 relative=0x0000000000005518
Event: 283.280 Thread 0x000002568a2e7800 Uncommon trap: reason=unstable_if action=reinterpret pc=0x00000256f6ed1c18 method=com.android.tools.r8.w.a.a.a.f.j0.hasNext()Z @ 11 c2
Event: 283.280 Thread 0x000002568a2e7800 DEOPT PACKING pc=0x00000256f6ed1c18 sp=0x000000be433f9920
Event: 283.280 Thread 0x000002568a2e7800 DEOPT UNPACKING pc=0x00000256ee7e74af sp=0x000000be433f9848 mode 2
Event: 283.286 Thread 0x000002568a2e7800 DEOPT PACKING pc=0x00000256f1a373f8 sp=0x000000be433f8f80
Event: 283.286 Thread 0x000002568a2e7800 DEOPT UNPACKING pc=0x00000256ee7e72ce sp=0x000000be433f8708 mode 0
Event: 283.361 Thread 0x000002568a2e6800 DEOPT PACKING pc=0x00000256f1a6a087 sp=0x000000be432f97a0
Event: 283.361 Thread 0x000002568a2e6800 DEOPT UNPACKING pc=0x00000256ee7e72ce sp=0x000000be432f9028 mode 0
Event: 283.816 Thread 0x000002568a2e9000 DEOPT PACKING pc=0x00000256f1215732 sp=0x000000be431f9770
Event: 283.816 Thread 0x000002568a2e9000 DEOPT UNPACKING pc=0x00000256ee7e72ce sp=0x000000be431f8f38 mode 0
Event: 283.830 Thread 0x000002568a2e6800 DEOPT PACKING pc=0x00000256f1a69aeb sp=0x000000be432f97a0
Event: 283.830 Thread 0x000002568a2e6800 DEOPT UNPACKING pc=0x00000256ee7e72ce sp=0x000000be432f9020 mode 0

Classes redefined (0 events):
No events

Internal exceptions (20 events):
Event: 252.709 Thread 0x000002568a2e9000 Exception <a 'java/lang/NoSuchMethodError'{0x000000008b832598}: 'void java.lang.invoke.DirectMethodHandle$Holder.invokeSpecial(java.lang.Object, java.lang.Object, int, java.lang.Object)'> (0x000000008b832598) thrown at [./src/hotspot/share/interpreter/linkResolver.cpp, line 773]
Event: 252.711 Thread 0x000002568a2e2800 Exception <a 'java/lang/NoSuchMethodError'{0x000000008b4904b0}: 'void java.lang.invoke.DirectMethodHandle$Holder.invokeSpecial(java.lang.Object, java.lang.Object, int, java.lang.Object)'> (0x000000008b4904b0) thrown at [./src/hotspot/share/interpreter/linkResolver.cpp, line 773]
Event: 252.888 Thread 0x000002568a2e9000 Exception <a 'java/lang/NoSuchMethodError'{0x000000008aba7318}: 'int java.lang.invoke.DirectMethodHandle$Holder.invokeSpecial(java.lang.Object, java.lang.Object, java.lang.Object, java.lang.Object, java.lang.Object)'> (0x000000008aba7318) thrown at [./src/hotspot/share/interpreter/linkResolver.cpp, line 773]
Event: 252.888 Thread 0x000002568a2e7800 Exception <a 'java/lang/NoSuchMethodError'{0x000000008abc7e68}: 'int java.lang.invoke.DirectMethodHandle$Holder.invokeSpecial(java.lang.Object, java.lang.Object, java.lang.Object, java.lang.Object, java.lang.Object)'> (0x000000008abc7e68) thrown at [./src/hotspot/share/interpreter/linkResolver.cpp, line 773]
Event: 253.187 Thread 0x000002568a2e2800 Exception <a 'java/lang/NoSuchMethodError'{0x000000008b4e95b8}: 'java.lang.Object java.lang.invoke.DirectMethodHandle$Holder.invokeVirtual(java.lang.Object, java.lang.Object, int, java.lang.Object)'> (0x000000008b4e95b8) thrown at [./src/hotspot/share/interpreter/linkResolver.cpp, line 773]
Event: 253.391 Thread 0x000002568a2e2800 Exception <a 'java/lang/NoSuchMethodError'{0x000000008aaa9928}: 'void java.lang.invoke.DirectMethodHandle$Holder.invokeVirtual(java.lang.Object, java.lang.Object, int, java.lang.Object)'> (0x000000008aaa9928) thrown at [./src/hotspot/share/interpreter/linkResolver.cpp, line 773]
Event: 253.510 Thread 0x000002568a2e2800 Exception <a 'java/lang/NoSuchMethodError'{0x000000008a59c2b0}: 'int java.lang.invoke.DirectMethodHandle$Holder.invokeSpecial(java.lang.Object, java.lang.Object, java.lang.Object, int, java.lang.Object)'> (0x000000008a59c2b0) thrown at [./src/hotspot/share/interpreter/linkResolver.cpp, line 773]
Event: 253.510 Thread 0x000002568a2e7800 Exception <a 'java/lang/NoSuchMethodError'{0x000000008a5a9aa0}: 'int java.lang.invoke.DirectMethodHandle$Holder.invokeSpecial(java.lang.Object, java.lang.Object, java.lang.Object, int, java.lang.Object)'> (0x000000008a5a9aa0) thrown at [./src/hotspot/share/interpreter/linkResolver.cpp, line 773]
Event: 253.535 Thread 0x000002568a2e7800 Exception <a 'java/lang/NoSuchMethodError'{0x000000008a41fb10}: 'java.lang.Object java.lang.invoke.DirectMethodHandle$Holder.newInvokeSpecial(java.lang.Object, int)'> (0x000000008a41fb10) thrown at [./src/hotspot/share/interpreter/linkResolver.cpp, line 773]
Event: 253.943 Thread 0x000002568a2e2800 Exception <a 'java/lang/NoSuchMethodError'{0x000000008dc276a8}: 'java.lang.Object java.lang.invoke.DirectMethodHandle$Holder.invokeInterface(java.lang.Object, java.lang.Object, int)'> (0x000000008dc276a8) thrown at [./src/hotspot/share/interpreter/linkResolver.cpp, line 773]
Event: 258.096 Thread 0x000002568a2e2800 Exception <a 'java/lang/NoSuchMethodError'{0x000000008d2779a8}: 'int java.lang.invoke.DirectMethodHandle$Holder.invokeInterface(java.lang.Object, java.lang.Object, int)'> (0x000000008d2779a8) thrown at [./src/hotspot/share/interpreter/linkResolver.cpp, line 773]
Event: 259.959 Thread 0x000002568a2e7800 Exception <a 'java/lang/NoSuchMethodError'{0x000000008ce525f0}: 'java.lang.Object java.lang.invoke.DirectMethodHandle$Holder.invokeSpecial(java.lang.Object, java.lang.Object, java.lang.Object, java.lang.Object, java.lang.Object, java.lang.Object, java.lang.Object, java.lang.Object, java.lang.Object, java.lang.Object)'> (0x000000008ce525f0) thrown at [./src/hotspot/share/interpreter/linkResolver.cpp, line 773]
Event: 259.960 Thread 0x000002568a2e7800 Exception <a 'java/lang/NoSuchMethodError'{0x000000008ce56c30}: 'java.lang.Object java.lang.invoke.Invokers$Holder.linkToTargetMethod(java.lang.Object, java.lang.Object, java.lang.Object, java.lang.Object, java.lang.Object, java.lang.Object, java.lang.Object, java.lang.Object, java.lang.Object)'> (0x000000008ce56c30) thrown at [./src/hotspot/share/interpreter/linkResolver.cpp, line 773]
Event: 262.721 Thread 0x000002568a2e7800 Exception <a 'java/lang/NoSuchMethodError'{0x000000008ba08670}: 'void java.lang.invoke.DirectMethodHandle$Holder.invokeVirtual(java.lang.Object, java.lang.Object, int)'> (0x000000008ba08670) thrown at [./src/hotspot/share/interpreter/linkResolver.cpp, line 773]
Event: 262.981 Thread 0x000002568a2e2800 Implicit null exception at 0x00000256f6ca4fdc to 0x00000256f6ca95e4
Event: 264.837 Thread 0x000002568a2e7800 Exception <a 'sun/nio/fs/WindowsException'{0x000000008cf6ba20}> (0x000000008cf6ba20) thrown at [./src/hotspot/share/prims/jni.cpp, line 615]
Event: 269.968 Thread 0x000002568a2e7800 Exception <a 'sun/nio/fs/WindowsException'{0x000000008bf04108}> (0x000000008bf04108) thrown at [./src/hotspot/share/prims/jni.cpp, line 615]
Event: 271.040 Thread 0x000002568a2e6800 Implicit null exception at 0x00000256f6d7ba68 to 0x00000256f6d7bcdc
Event: 275.131 Thread 0x000002568a2e2800 Implicit null exception at 0x00000256f6ded980 to 0x00000256f6df37e0
Event: 283.948 Thread 0x000002568a2e2800 Implicit null exception at 0x00000256f6d0af0a to 0x0000000000000000

Events (20 events):
Event: 279.895 Thread 0x00000256ff05c000 flushing nmethod 0x00000256f07d5f10
Event: 279.895 Thread 0x00000256ff05c000 flushing nmethod 0x00000256f081c290
Event: 279.897 Thread 0x00000256ff05c000 flushing nmethod 0x00000256f0a5c890
Event: 279.897 Thread 0x00000256ff05c000 flushing nmethod 0x00000256f0a5db10
Event: 280.069 Executing VM operation: G1CollectForAllocation
Event: 280.091 Executing VM operation: G1CollectForAllocation done
Event: 280.617 Executing VM operation: CGC_Operation
Event: 280.653 Executing VM operation: CGC_Operation done
Event: 280.928 Executing VM operation: CGC_Operation
Event: 281.066 Executing VM operation: CGC_Operation done
Event: 281.148 loading class com/android/tools/r8/s/a/a/a/r
Event: 281.148 loading class com/android/tools/r8/s/a/a/a/r done
Event: 281.757 Executing VM operation: G1CollectForAllocation
Event: 281.776 Executing VM operation: G1CollectForAllocation done
Event: 282.621 Executing VM operation: G1CollectForAllocation
Event: 282.646 Executing VM operation: G1CollectForAllocation done
Event: 283.192 Executing VM operation: CGC_Operation
Event: 283.248 Executing VM operation: CGC_Operation done
Event: 283.499 Executing VM operation: CGC_Operation
Event: 283.537 Executing VM operation: CGC_Operation done


Dynamic libraries:
0x00007ff778270000 - 0x00007ff77827a000 	C:\Program Files\Android\Android Studio1\jre\bin\java.exe
0x00007ffd75990000 - 0x00007ffd75b85000 	C:\WINDOWS\SYSTEM32\ntdll.dll
0x00007ffd73fb0000 - 0x00007ffd7406e000 	C:\WINDOWS\System32\KERNEL32.DLL
0x00007ffd73550000 - 0x00007ffd73819000 	C:\WINDOWS\System32\KERNELBASE.dll
0x00007ffd731f0000 - 0x00007ffd732f0000 	C:\WINDOWS\System32\ucrtbase.dll
0x00007ffd6ab80000 - 0x00007ffd6ab99000 	C:\Program Files\Android\Android Studio1\jre\bin\jli.dll
0x00007ffd6c4e0000 - 0x00007ffd6c4f7000 	C:\Program Files\Android\Android Studio1\jre\bin\VCRUNTIME140.dll
0x00007ffd739e0000 - 0x00007ffd73b81000 	C:\WINDOWS\System32\USER32.dll
0x00007ffd731c0000 - 0x00007ffd731e2000 	C:\WINDOWS\System32\win32u.dll
0x00007ffd5dff0000 - 0x00007ffd5e28a000 	C:\WINDOWS\WinSxS\amd64_microsoft.windows.common-controls_6595b64144ccf1df_6.0.19041.1110_none_60b5254171f9507e\COMCTL32.dll
0x00007ffd740e0000 - 0x00007ffd7410b000 	C:\WINDOWS\System32\GDI32.dll
0x00007ffd73bc0000 - 0x00007ffd73c5e000 	C:\WINDOWS\System32\msvcrt.dll
0x00007ffd730b0000 - 0x00007ffd731bb000 	C:\WINDOWS\System32\gdi32full.dll
0x00007ffd73940000 - 0x00007ffd739dd000 	C:\WINDOWS\System32\msvcp_win.dll
0x00007ffd753a0000 - 0x00007ffd753d0000 	C:\WINDOWS\System32\IMM32.DLL
0x00007ffd32ed0000 - 0x00007ffd32f6d000 	C:\Program Files\Android\Android Studio1\jre\bin\msvcp140.dll
0x00007ffd40a60000 - 0x00007ffd4151c000 	C:\Program Files\Android\Android Studio1\jre\bin\server\jvm.dll
0x00007ffd74380000 - 0x00007ffd7442c000 	C:\WINDOWS\System32\ADVAPI32.dll
0x00007ffd758b0000 - 0x00007ffd7594b000 	C:\WINDOWS\System32\sechost.dll
0x00007ffd74430000 - 0x00007ffd7455a000 	C:\WINDOWS\System32\RPCRT4.dll
0x00007ffd73b90000 - 0x00007ffd73b98000 	C:\WINDOWS\System32\PSAPI.DLL
0x00007ffd600f0000 - 0x00007ffd60117000 	C:\WINDOWS\SYSTEM32\WINMM.dll
0x00007ffd65520000 - 0x00007ffd6552a000 	C:\WINDOWS\SYSTEM32\VERSION.dll
0x00007ffd5b940000 - 0x00007ffd5b949000 	C:\WINDOWS\SYSTEM32\WSOCK32.dll
0x00007ffd74070000 - 0x00007ffd740db000 	C:\WINDOWS\System32\WS2_32.dll
0x00007ffd70fb0000 - 0x00007ffd70fc2000 	C:\WINDOWS\SYSTEM32\kernel.appcore.dll
0x00007ffd62190000 - 0x00007ffd621a1000 	C:\Program Files\Android\Android Studio1\jre\bin\verify.dll
0x00007ffd6ce60000 - 0x00007ffd6d044000 	C:\WINDOWS\SYSTEM32\DBGHELP.DLL
0x00007ffd649f0000 - 0x00007ffd64a1c000 	C:\WINDOWS\SYSTEM32\dbgcore.DLL
0x00007ffd73820000 - 0x00007ffd738a3000 	C:\WINDOWS\System32\bcryptPrimitives.dll
0x00007ffd60c70000 - 0x00007ffd60c99000 	C:\Program Files\Android\Android Studio1\jre\bin\java.dll
0x00007ffd6ad80000 - 0x00007ffd6ad8b000 	C:\Program Files\Android\Android Studio1\jre\bin\jimage.dll
0x00007ffd60640000 - 0x00007ffd60658000 	C:\Program Files\Android\Android Studio1\jre\bin\zip.dll
0x00007ffd74c60000 - 0x00007ffd7539f000 	C:\WINDOWS\System32\SHELL32.dll
0x00007ffd711b0000 - 0x00007ffd71940000 	C:\WINDOWS\SYSTEM32\windows.storage.dll
0x00007ffd745c0000 - 0x00007ffd74915000 	C:\WINDOWS\System32\combase.dll
0x00007ffd72b00000 - 0x00007ffd72b2c000 	C:\WINDOWS\SYSTEM32\Wldp.dll
0x00007ffd74110000 - 0x00007ffd741bd000 	C:\WINDOWS\System32\SHCORE.dll
0x00007ffd74560000 - 0x00007ffd745b5000 	C:\WINDOWS\System32\shlwapi.dll
0x00007ffd72ff0000 - 0x00007ffd7300f000 	C:\WINDOWS\SYSTEM32\profapi.dll
0x00007ffd5fad0000 - 0x00007ffd5faea000 	C:\Program Files\Android\Android Studio1\jre\bin\net.dll
0x00007ffd66da0000 - 0x00007ffd66ea8000 	C:\WINDOWS\SYSTEM32\WINHTTP.dll
0x00007ffd72860000 - 0x00007ffd728ca000 	C:\WINDOWS\system32\mswsock.dll
0x00007ffd5ec40000 - 0x00007ffd5ec54000 	C:\Program Files\Android\Android Studio1\jre\bin\nio.dll
0x00007ffd5e5f0000 - 0x00007ffd5e617000 	C:\Users\Admin\.gradle\native\fdc75f09e3144964f2cf3f50f0aa648679c211496f362492102eb8c894070792\windows-amd64\native-platform.dll
0x00007ffd32640000 - 0x00007ffd327d6000 	C:\Users\Admin\.gradle\native\12488b8bf47d2d4c9fbf2f6322a914ad602e24e48041cd04a747c6da556b65c4\windows-amd64\native-platform-file-events.dll
0x00007ffd64490000 - 0x00007ffd6449a000 	C:\Program Files\Android\Android Studio1\jre\bin\management.dll
0x00007ffd622b0000 - 0x00007ffd622bc000 	C:\Program Files\Android\Android Studio1\jre\bin\management_ext.dll
0x00007ffd72a50000 - 0x00007ffd72a68000 	C:\WINDOWS\SYSTEM32\CRYPTSP.dll
0x00007ffd72170000 - 0x00007ffd721a4000 	C:\WINDOWS\system32\rsaenh.dll
0x00007ffd738b0000 - 0x00007ffd738d7000 	C:\WINDOWS\System32\bcrypt.dll
0x00007ffd72fb0000 - 0x00007ffd72fde000 	C:\WINDOWS\SYSTEM32\USERENV.dll
0x00007ffd72a70000 - 0x00007ffd72a7c000 	C:\WINDOWS\SYSTEM32\CRYPTBASE.dll
0x00007ffd72500000 - 0x00007ffd7253b000 	C:\WINDOWS\SYSTEM32\IPHLPAPI.DLL
0x00007ffd73c60000 - 0x00007ffd73c68000 	C:\WINDOWS\System32\NSI.dll
0x00007ffd68e60000 - 0x00007ffd68e77000 	C:\WINDOWS\SYSTEM32\dhcpcsvc6.DLL
0x00007ffd67730000 - 0x00007ffd6774d000 	C:\WINDOWS\SYSTEM32\dhcpcsvc.DLL
0x00007ffd72550000 - 0x00007ffd7261c000 	C:\WINDOWS\SYSTEM32\DNSAPI.dll
0x00007ffd69070000 - 0x00007ffd6907b000 	C:\WINDOWS\SYSTEM32\WINNSI.DLL
0x00007ffd5d860000 - 0x00007ffd5d887000 	C:\Program Files\Android\Android Studio1\jre\bin\sunec.dll
0x00007ffd69290000 - 0x00007ffd6929a000 	C:\Windows\System32\rasadhlp.dll
0x00007ffd66580000 - 0x00007ffd665ff000 	C:\WINDOWS\System32\fwpuclnt.dll

dbghelp: loaded successfully - version: 4.0.5 - missing functions: none
symbol engine: initialized successfully - sym options: 0x614 - pdb path: .;C:\Program Files\Android\Android Studio1\jre\bin;C:\WINDOWS\SYSTEM32;C:\WINDOWS\WinSxS\amd64_microsoft.windows.common-controls_6595b64144ccf1df_6.0.19041.1110_none_60b5254171f9507e;C:\Program Files\Android\Android Studio1\jre\bin\server;C:\Users\Admin\.gradle\native\fdc75f09e3144964f2cf3f50f0aa648679c211496f362492102eb8c894070792\windows-amd64;C:\Users\Admin\.gradle\native\12488b8bf47d2d4c9fbf2f6322a914ad602e24e48041cd04a747c6da556b65c4\windows-amd64

VM Arguments:
jvm_args: --add-opens=java.base/java.util=ALL-UNNAMED --add-opens=java.base/java.lang=ALL-UNNAMED --add-opens=java.base/java.lang.invoke=ALL-UNNAMED --add-opens=java.prefs/java.util.prefs=ALL-UNNAMED -Xmx2048m -Dfile.encoding=UTF-8 -Duser.country=US -Duser.language=en -Duser.variant 
java_command: org.gradle.launcher.daemon.bootstrap.GradleDaemon 6.7.1
java_class_path (initial): C:\Users\Admin\.gradle\wrapper\dists\gradle-6.7.1-bin\bwlcbys1h7rz3272sye1xwiv6\gradle-6.7.1\lib\gradle-launcher-6.7.1.jar
Launcher Type: SUN_STANDARD

[Global flags]
     intx CICompilerCount                          = 3                                         {product} {ergonomic}
     uint ConcGCThreads                            = 1                                         {product} {ergonomic}
     uint G1ConcRefinementThreads                  = 4                                         {product} {ergonomic}
   size_t G1HeapRegionSize                         = 1048576                                   {product} {ergonomic}
    uintx GCDrainStackTargetSize                   = 64                                        {product} {ergonomic}
   size_t InitialHeapSize                          = 134217728                                 {product} {ergonomic}
   size_t MarkStackSize                            = 4194304                                   {product} {ergonomic}
   size_t MaxHeapSize                              = 2147483648                                {product} {command line}
   size_t MaxNewSize                               = 1287651328                                {product} {ergonomic}
   size_t MinHeapDeltaBytes                        = 1048576                                   {product} {ergonomic}
    uintx NonNMethodCodeHeapSize                   = 5830732                                {pd product} {ergonomic}
    uintx NonProfiledCodeHeapSize                  = 122913754                              {pd product} {ergonomic}
    uintx ProfiledCodeHeapSize                     = 122913754                              {pd product} {ergonomic}
    uintx ReservedCodeCacheSize                    = 251658240                              {pd product} {ergonomic}
     bool SegmentedCodeCache                       = true                                      {product} {ergonomic}
     bool UseCompressedClassPointers               = true                                 {lp64_product} {ergonomic}
     bool UseCompressedOops                        = true                                 {lp64_product} {ergonomic}
     bool UseG1GC                                  = true                                      {product} {ergonomic}
     bool UseLargePagesIndividualAllocation        = false                                  {pd product} {ergonomic}

Logging:
Log output configuration:
 #0: stdout all=warning uptime,level,tags
 #1: stderr all=off uptime,level,tags

Environment Variables:
JAVA_HOME=C:\Program Files\Java\jdk-16.0.1
PATH=C:\Program Files\Common Files\Oracle\Java\javapath;C:\Program Files (x86)\Java\jdk1.8.0_271\bin;C:\Program Files (x86)\Common Files\Oracle\Java\javapath;C:\WINDOWS\system32;C:\WINDOWS;C:\WINDOWS\System32\Wbem;C:\WINDOWS\System32\WindowsPowerShell\v1.0\;C:\WINDOWS\System32\OpenSSH\;C:\Program Files (x86)\Microsoft SQL Server\150\DTS\Binn\;C:\Program Files\Microsoft SQL Server\Client SDK\ODBC\130\Tools\Binn\;C:\Program Files (x86)\Microsoft SQL Server\130\Tools\Binn\;C:\Program Files\Microsoft SQL Server\130\Tools\Binn\;C:\Program Files\Microsoft SQL Server\130\DTS\Binn\;C:\Program Files (x86)\nodejs\;C:\Program Files\Java\jdk-16.0.1\bin;C:\Program Files\Git\cmd;C:\Users\Admin\AppData\Local\Microsoft\WindowsApps;C:\Users\Admin\AppData\Local\Programs\Microsoft VS Code\bin;C:\Users\Admin\AppData\Roaming\npm;C:\Users\Admin\AppData\Local\GitHubDesktop\bin
USERNAME=Admin
OS=Windows_NT
PROCESSOR_IDENTIFIER=Intel64 Family 6 Model 61 Stepping 4, GenuineIntel



---------------  S Y S T E M  ---------------

OS: Windows 10 , 64 bit Build 19041 (10.0.19041.1202)
OS uptime: 4 days 13:13 hours

CPU:total 4 (initial active 4) (2 cores per cpu, 2 threads per core) family 6 model 61 stepping 4, cmov, cx8, fxsr, mmx, sse, sse2, sse3, ssse3, sse4.1, sse4.2, popcnt, avx, avx2, aes, clmul, erms, rtm, 3dnowpref, lzcnt, ht, tsc, tscinvbit, bmi1, bmi2, adx, fma

Memory: 4k page, system-wide physical 8082M (347M free)
TotalPageFile size 11721M (AvailPageFile size 1625M)
current process WorkingSet (physical memory assigned to process): 600M, peak: 602M
current process commit charge ("private bytes"): 713M, peak: 717M

vm_info: OpenJDK 64-Bit Server VM (11.0.8+10-b944.6842174) for windows-amd64 JRE (11.0.8+10-b944.6842174), built on Sep 19 2020 01:11:42 by "builder" with MS VC++ 14.0 (VS2015)

END.
